[0.098s] Invoking command in '/home/acalvo/turtlebot3_ws/build/turtlebot3_node': AMENT_PREFIX_PATH=/home/acalvo/turtlebot3_ws/install/turtlebot3_msgs:/home/acalvo/turtlebot3_ws/install/dynamixel_sdk:${AMENT_PREFIX_PATH} CMAKE_PREFIX_PATH=/home/acalvo/turtlebot3_ws/install/turtlebot3_msgs:/home/acalvo/turtlebot3_ws/install/dynamixel_sdk:/opt/ros/humble LD_LIBRARY_PATH=/home/acalvo/turtlebot3_ws/install/turtlebot3_msgs/lib:/home/acalvo/turtlebot3_ws/install/dynamixel_sdk/lib:${LD_LIBRARY_PATH} PYTHONPATH=/home/acalvo/turtlebot3_ws/install/turtlebot3_msgs/local/lib/python3.10/dist-packages:${PYTHONPATH} /usr/bin/cmake /home/acalvo/turtlebot3_ws/src/turtlebot3/turtlebot3_node -DAMENT_CMAKE_SYMLINK_INSTALL=1 -DCMAKE_INSTALL_PREFIX=/home/acalvo/turtlebot3_ws/install/turtlebot3_node
[0.251s] -- The C compiler identification is GNU 11.4.0
[0.347s] -- The CXX compiler identification is GNU 11.4.0
[0.356s] -- Detecting C compiler ABI info
[0.467s] -- Detecting C compiler ABI info - done
[0.482s] -- Check for working C compiler: /usr/bin/cc - skipped
[0.484s] -- Detecting C compile features
[0.484s] -- Detecting C compile features - done
[0.488s] -- Detecting CXX compiler ABI info
[0.639s] -- Detecting CXX compiler ABI info - done
[0.648s] -- Check for working CXX compiler: /usr/bin/c++ - skipped
[0.649s] -- Detecting CXX compile features
[0.649s] -- Detecting CXX compile features - done
[0.652s] -- Found ament_cmake: 1.3.11 (/opt/ros/humble/share/ament_cmake/cmake)
[0.885s] -- Found Python3: /usr/bin/python3 (found version "3.10.12") found components: Interpreter 
[0.972s] -- Override CMake install command with custom implementation using symlinks instead of copying resources
[1.007s] -- Found dynamixel_sdk: 3.8.1 (/home/acalvo/turtlebot3_ws/install/dynamixel_sdk/share/dynamixel_sdk/cmake)
[1.009s] -- Found geometry_msgs: 4.2.4 (/opt/ros/humble/share/geometry_msgs/cmake)
[1.053s] -- Found rosidl_generator_c: 3.1.6 (/opt/ros/humble/share/rosidl_generator_c/cmake)
[1.057s] -- Found rosidl_adapter: 3.1.6 (/opt/ros/humble/share/rosidl_adapter/cmake)
[1.066s] -- Found rosidl_generator_cpp: 3.1.6 (/opt/ros/humble/share/rosidl_generator_cpp/cmake)
[1.082s] -- Using all available rosidl_typesupport_c: rosidl_typesupport_fastrtps_c;rosidl_typesupport_introspection_c
[1.117s] -- Using all available rosidl_typesupport_cpp: rosidl_typesupport_fastrtps_cpp;rosidl_typesupport_introspection_cpp
[1.162s] -- Found message_filters: 4.3.5 (/opt/ros/humble/share/message_filters/cmake)
[1.308s] -- Found rmw_implementation_cmake: 6.1.2 (/opt/ros/humble/share/rmw_implementation_cmake/cmake)
[1.317s] -- Found rmw_fastrtps_cpp: 6.2.7 (/opt/ros/humble/share/rmw_fastrtps_cpp/cmake)
[1.506s] -- Found OpenSSL: /usr/lib/x86_64-linux-gnu/libcrypto.so (found version "3.0.2")  
[1.546s] -- Found FastRTPS: /opt/ros/humble/include  
[1.588s] -- Using RMW implementation 'rmw_fastrtps_cpp' as default
[1.625s] -- Looking for pthread.h
[1.739s] -- Looking for pthread.h - found
[1.742s] -- Performing Test CMAKE_HAVE_LIBC_PTHREAD
[1.836s] -- Performing Test CMAKE_HAVE_LIBC_PTHREAD - Success
[1.838s] -- Found Threads: TRUE  
[1.969s] -- Found nav_msgs: 4.2.4 (/opt/ros/humble/share/nav_msgs/cmake)
[2.020s] -- Found sensor_msgs: 4.2.4 (/opt/ros/humble/share/sensor_msgs/cmake)
[2.074s] -- Found std_srvs: 4.2.4 (/opt/ros/humble/share/std_srvs/cmake)
[2.119s] -- Found tf2: 0.25.12 (/opt/ros/humble/share/tf2/cmake)
[2.146s] -- Found tf2_ros: 0.25.12 (/opt/ros/humble/share/tf2_ros/cmake)
[2.351s] -- Found turtlebot3_msgs: 2.3.0 (/home/acalvo/turtlebot3_ws/install/turtlebot3_msgs/share/turtlebot3_msgs/cmake)
[2.472s] -- Configuring done
[2.472s] -- Generating done
[2.503s] -- Build files have been written to: /home/acalvo/turtlebot3_ws/build/turtlebot3_node
[2.517s] Invoked command in '/home/acalvo/turtlebot3_ws/build/turtlebot3_node' returned '0': AMENT_PREFIX_PATH=/home/acalvo/turtlebot3_ws/install/turtlebot3_msgs:/home/acalvo/turtlebot3_ws/install/dynamixel_sdk:${AMENT_PREFIX_PATH} CMAKE_PREFIX_PATH=/home/acalvo/turtlebot3_ws/install/turtlebot3_msgs:/home/acalvo/turtlebot3_ws/install/dynamixel_sdk:/opt/ros/humble LD_LIBRARY_PATH=/home/acalvo/turtlebot3_ws/install/turtlebot3_msgs/lib:/home/acalvo/turtlebot3_ws/install/dynamixel_sdk/lib:${LD_LIBRARY_PATH} PYTHONPATH=/home/acalvo/turtlebot3_ws/install/turtlebot3_msgs/local/lib/python3.10/dist-packages:${PYTHONPATH} /usr/bin/cmake /home/acalvo/turtlebot3_ws/src/turtlebot3/turtlebot3_node -DAMENT_CMAKE_SYMLINK_INSTALL=1 -DCMAKE_INSTALL_PREFIX=/home/acalvo/turtlebot3_ws/install/turtlebot3_node
[2.518s] Invoking command in '/home/acalvo/turtlebot3_ws/build/turtlebot3_node': AMENT_PREFIX_PATH=/home/acalvo/turtlebot3_ws/install/turtlebot3_msgs:/home/acalvo/turtlebot3_ws/install/dynamixel_sdk:${AMENT_PREFIX_PATH} CMAKE_PREFIX_PATH=/home/acalvo/turtlebot3_ws/install/turtlebot3_msgs:/home/acalvo/turtlebot3_ws/install/dynamixel_sdk:/opt/ros/humble LD_LIBRARY_PATH=/home/acalvo/turtlebot3_ws/install/turtlebot3_msgs/lib:/home/acalvo/turtlebot3_ws/install/dynamixel_sdk/lib:${LD_LIBRARY_PATH} PYTHONPATH=/home/acalvo/turtlebot3_ws/install/turtlebot3_msgs/local/lib/python3.10/dist-packages:${PYTHONPATH} /usr/bin/cmake --build /home/acalvo/turtlebot3_ws/build/turtlebot3_node -- -j2 -l2
[2.607s] [  7%] [32mBuilding CXX object CMakeFiles/turtlebot3_node_lib.dir/src/devices/sound.cpp.o[0m
[2.639s] [ 14%] [32mBuilding CXX object CMakeFiles/turtlebot3_node_lib.dir/src/devices/motor_power.cpp.o[0m
[8.661s] [ 21%] [32mBuilding CXX object CMakeFiles/turtlebot3_node_lib.dir/src/devices/reset.cpp.o[0m
[9.248s] [ 28%] [32mBuilding CXX object CMakeFiles/turtlebot3_node_lib.dir/src/diff_drive_controller.cpp.o[0m
[12.683s] [ 35%] [32mBuilding CXX object CMakeFiles/turtlebot3_node_lib.dir/src/dynamixel_sdk_wrapper.cpp.o[0m
[13.235s] [ 42%] [32mBuilding CXX object CMakeFiles/turtlebot3_node_lib.dir/src/odometry.cpp.o[0m
[13.314s] [ 50%] [32mBuilding CXX object CMakeFiles/turtlebot3_node_lib.dir/src/turtlebot3.cpp.o[0m
[32.618s] [ 57%] [32mBuilding CXX object CMakeFiles/turtlebot3_node_lib.dir/src/sensors/battery_state.cpp.o[0m
[36.972s] [ 64%] [32mBuilding CXX object CMakeFiles/turtlebot3_node_lib.dir/src/sensors/imu.cpp.o[0m
[40.941s] [ 71%] [32mBuilding CXX object CMakeFiles/turtlebot3_node_lib.dir/src/sensors/joint_state.cpp.o[0m
[41.151s] [ 78%] [32mBuilding CXX object CMakeFiles/turtlebot3_node_lib.dir/src/sensors/sensor_state.cpp.o[0m
[45.685s] [ 85%] [32m[1mLinking CXX static library libturtlebot3_node_lib.a[0m
[46.350s] [ 85%] Built target turtlebot3_node_lib
[46.388s] [ 92%] [32mBuilding CXX object CMakeFiles/turtlebot3_ros.dir/src/node_main.cpp.o[0m
[49.512s] [100%] [32m[1mLinking CXX executable turtlebot3_ros[0m
[51.751s] [100%] Built target turtlebot3_ros
[51.764s] Invoked command in '/home/acalvo/turtlebot3_ws/build/turtlebot3_node' returned '0': AMENT_PREFIX_PATH=/home/acalvo/turtlebot3_ws/install/turtlebot3_msgs:/home/acalvo/turtlebot3_ws/install/dynamixel_sdk:${AMENT_PREFIX_PATH} CMAKE_PREFIX_PATH=/home/acalvo/turtlebot3_ws/install/turtlebot3_msgs:/home/acalvo/turtlebot3_ws/install/dynamixel_sdk:/opt/ros/humble LD_LIBRARY_PATH=/home/acalvo/turtlebot3_ws/install/turtlebot3_msgs/lib:/home/acalvo/turtlebot3_ws/install/dynamixel_sdk/lib:${LD_LIBRARY_PATH} PYTHONPATH=/home/acalvo/turtlebot3_ws/install/turtlebot3_msgs/local/lib/python3.10/dist-packages:${PYTHONPATH} /usr/bin/cmake --build /home/acalvo/turtlebot3_ws/build/turtlebot3_node -- -j2 -l2
[51.787s] Invoking command in '/home/acalvo/turtlebot3_ws/build/turtlebot3_node': AMENT_PREFIX_PATH=/home/acalvo/turtlebot3_ws/install/turtlebot3_msgs:/home/acalvo/turtlebot3_ws/install/dynamixel_sdk:${AMENT_PREFIX_PATH} CMAKE_PREFIX_PATH=/home/acalvo/turtlebot3_ws/install/turtlebot3_msgs:/home/acalvo/turtlebot3_ws/install/dynamixel_sdk:/opt/ros/humble LD_LIBRARY_PATH=/home/acalvo/turtlebot3_ws/install/turtlebot3_msgs/lib:/home/acalvo/turtlebot3_ws/install/dynamixel_sdk/lib:${LD_LIBRARY_PATH} PYTHONPATH=/home/acalvo/turtlebot3_ws/install/turtlebot3_msgs/local/lib/python3.10/dist-packages:${PYTHONPATH} /usr/bin/cmake --install /home/acalvo/turtlebot3_ws/build/turtlebot3_node
[51.790s] -- Install configuration: ""
[51.791s] -- Execute custom install script
[51.804s] -- Symlinking: /home/acalvo/turtlebot3_ws/install/turtlebot3_node/share/turtlebot3_node/param/burger.yaml
[51.814s] -- Symlinking: /home/acalvo/turtlebot3_ws/install/turtlebot3_node/share/turtlebot3_node/param/waffle.yaml
[51.825s] -- Symlinking: /home/acalvo/turtlebot3_ws/install/turtlebot3_node/share/turtlebot3_node/param/waffle_pi.yaml
[51.837s] -- Symlinking: /home/acalvo/turtlebot3_ws/install/turtlebot3_node/lib/turtlebot3_node/turtlebot3_ros
[51.847s] -- Symlinking: /home/acalvo/turtlebot3_ws/install/turtlebot3_node/share/ament_index/resource_index/package_run_dependencies/turtlebot3_node
[51.859s] -- Symlinking: /home/acalvo/turtlebot3_ws/install/turtlebot3_node/share/ament_index/resource_index/parent_prefix_path/turtlebot3_node
[51.876s] -- Symlinking: /home/acalvo/turtlebot3_ws/install/turtlebot3_node/share/turtlebot3_node/environment/ament_prefix_path.sh
[51.888s] -- Symlinking: /home/acalvo/turtlebot3_ws/install/turtlebot3_node/share/turtlebot3_node/environment/ament_prefix_path.dsv
[51.900s] -- Symlinking: /home/acalvo/turtlebot3_ws/install/turtlebot3_node/share/turtlebot3_node/environment/path.sh
[51.910s] -- Symlinking: /home/acalvo/turtlebot3_ws/install/turtlebot3_node/share/turtlebot3_node/environment/path.dsv
[51.920s] -- Symlinking: /home/acalvo/turtlebot3_ws/install/turtlebot3_node/share/turtlebot3_node/local_setup.bash
[51.931s] -- Symlinking: /home/acalvo/turtlebot3_ws/install/turtlebot3_node/share/turtlebot3_node/local_setup.sh
[51.942s] -- Symlinking: /home/acalvo/turtlebot3_ws/install/turtlebot3_node/share/turtlebot3_node/local_setup.zsh
[51.955s] -- Symlinking: /home/acalvo/turtlebot3_ws/install/turtlebot3_node/share/turtlebot3_node/local_setup.dsv
[51.969s] -- Symlinking: /home/acalvo/turtlebot3_ws/install/turtlebot3_node/share/turtlebot3_node/package.dsv
[51.986s] -- Symlinking: /home/acalvo/turtlebot3_ws/install/turtlebot3_node/share/ament_index/resource_index/packages/turtlebot3_node
[51.996s] -- Symlinking: /home/acalvo/turtlebot3_ws/install/turtlebot3_node/share/turtlebot3_node/cmake/ament_cmake_export_include_directories-extras.cmake
[52.008s] -- Symlinking: /home/acalvo/turtlebot3_ws/install/turtlebot3_node/share/turtlebot3_node/cmake/turtlebot3_nodeConfig.cmake
[52.019s] -- Symlinking: /home/acalvo/turtlebot3_ws/install/turtlebot3_node/share/turtlebot3_node/cmake/turtlebot3_nodeConfig-version.cmake
[52.029s] -- Symlinking: /home/acalvo/turtlebot3_ws/install/turtlebot3_node/share/turtlebot3_node/package.xml
[52.044s] Invoked command in '/home/acalvo/turtlebot3_ws/build/turtlebot3_node' returned '0': AMENT_PREFIX_PATH=/home/acalvo/turtlebot3_ws/install/turtlebot3_msgs:/home/acalvo/turtlebot3_ws/install/dynamixel_sdk:${AMENT_PREFIX_PATH} CMAKE_PREFIX_PATH=/home/acalvo/turtlebot3_ws/install/turtlebot3_msgs:/home/acalvo/turtlebot3_ws/install/dynamixel_sdk:/opt/ros/humble LD_LIBRARY_PATH=/home/acalvo/turtlebot3_ws/install/turtlebot3_msgs/lib:/home/acalvo/turtlebot3_ws/install/dynamixel_sdk/lib:${LD_LIBRARY_PATH} PYTHONPATH=/home/acalvo/turtlebot3_ws/install/turtlebot3_msgs/local/lib/python3.10/dist-packages:${PYTHONPATH} /usr/bin/cmake --install /home/acalvo/turtlebot3_ws/build/turtlebot3_node
