[1.720s] Invoking command in '/home/acalvo/turtlebot3_ws/build/turtlebot3_teleop': PYTHONPATH=/home/acalvo/turtlebot3_ws/build/turtlebot3_teleop/prefix_override:/usr/lib/python3/dist-packages/colcon_core/task/python/colcon_distutils_commands:/home/acalvo/turtlebot3_ws/install/turtlebot3_teleop/lib/python3.10/site-packages:${PYTHONPATH} /usr/bin/python3 -W ignore:setup.py install is deprecated -W ignore:easy_install command is deprecated setup.py develop --editable --build-directory /home/acalvo/turtlebot3_ws/build/turtlebot3_teleop/build --no-deps symlink_data
[2.192s] running develop
[2.444s] running egg_info
[2.446s] creating turtlebot3_teleop.egg-info
[2.447s] writing turtlebot3_teleop.egg-info/PKG-INFO
[2.447s] writing dependency_links to turtlebot3_teleop.egg-info/dependency_links.txt
[2.458s] writing entry points to turtlebot3_teleop.egg-info/entry_points.txt
[2.459s] writing requirements to turtlebot3_teleop.egg-info/requires.txt
[2.459s] writing top-level names to turtlebot3_teleop.egg-info/top_level.txt
[2.463s] writing manifest file 'turtlebot3_teleop.egg-info/SOURCES.txt'
[2.466s] reading manifest file 'turtlebot3_teleop.egg-info/SOURCES.txt'
[2.466s] writing manifest file 'turtlebot3_teleop.egg-info/SOURCES.txt'
[2.468s] running build_ext
[2.469s] Creating /home/acalvo/turtlebot3_ws/install/turtlebot3_teleop/lib/python3.10/site-packages/turtlebot3-teleop.egg-link (link to .)
[2.470s] Installing teleop_keyboard script to /home/acalvo/turtlebot3_ws/install/turtlebot3_teleop/lib/turtlebot3_teleop
[2.470s] 
[2.471s] Installed /home/acalvo/turtlebot3_ws/build/turtlebot3_teleop
[2.472s] running symlink_data
[2.472s] creating /home/acalvo/turtlebot3_ws/install/turtlebot3_teleop/share/ament_index
[2.472s] creating /home/acalvo/turtlebot3_ws/install/turtlebot3_teleop/share/ament_index/resource_index
[2.472s] creating /home/acalvo/turtlebot3_ws/install/turtlebot3_teleop/share/ament_index/resource_index/packages
[2.472s] symbolically linking /home/acalvo/turtlebot3_ws/build/turtlebot3_teleop/resource/turtlebot3_teleop -> /home/acalvo/turtlebot3_ws/install/turtlebot3_teleop/share/ament_index/resource_index/packages
[2.472s] symbolically linking /home/acalvo/turtlebot3_ws/build/turtlebot3_teleop/package.xml -> /home/acalvo/turtlebot3_ws/install/turtlebot3_teleop/share/turtlebot3_teleop
[2.523s] Invoked command in '/home/acalvo/turtlebot3_ws/build/turtlebot3_teleop' returned '0': PYTHONPATH=/home/acalvo/turtlebot3_ws/build/turtlebot3_teleop/prefix_override:/usr/lib/python3/dist-packages/colcon_core/task/python/colcon_distutils_commands:/home/acalvo/turtlebot3_ws/install/turtlebot3_teleop/lib/python3.10/site-packages:${PYTHONPATH} /usr/bin/python3 -W ignore:setup.py install is deprecated -W ignore:easy_install command is deprecated setup.py develop --editable --build-directory /home/acalvo/turtlebot3_ws/build/turtlebot3_teleop/build --no-deps symlink_data
