[0.465s] Invoking command in '/home/acalvo/turtlebot3_ws/build/turtlebot3_gazebo': CMAKE_PREFIX_PATH=${CMAKE_PREFIX_PATH}:/home/acalvo/turtlebot3_ws/install/turtlebot3_teleop:/home/acalvo/turtlebot3_ws/install/turtlebot3_example:/opt/ros/humble /usr/bin/cmake --build /home/acalvo/turtlebot3_ws/build/turtlebot3_gazebo -- -j2 -l2
[0.700s] -- Found ament_cmake: 1.3.11 (/opt/ros/humble/share/ament_cmake/cmake)
[0.908s] -- Override CMake install command with custom implementation using symlinks instead of copying resources
[0.945s] [33mCMake Warning (dev) at /usr/share/cmake-3.22/Modules/FindPackageHandleStandardArgs.cmake:438 (message):
[0.945s]   The package name passed to `find_package_handle_standard_args` (PkgConfig)
[0.945s]   does not match the name of the calling package (gazebo).  This can lead to
[0.945s]   problems in calling code that expects `find_package` result variables
[0.946s]   (e.g., `_FOUND`) to follow a certain pattern.
[0.946s] Call Stack (most recent call first):
[0.946s]   /usr/share/cmake-3.22/Modules/FindPkgConfig.cmake:99 (find_package_handle_standard_args)
[0.946s]   /usr/lib/x86_64-linux-gnu/cmake/gazebo/gazebo-config.cmake:72 (include)
[0.946s]   CMakeLists.txt:23 (find_package)
[0.946s] This warning is for project developers.  Use -Wno-dev to suppress it.
[0.946s] [0m
[1.084s] -- Found DART: /usr/include (Required is at least version "6.6") found components: dart 
[1.237s] -- Found Protobuf: /usr/lib/x86_64-linux-gnu/libprotobuf.so (found version "3.12.4") 
[1.250s] -- Looking for ignition-math6 -- found version 6.15.1
[1.279s] -- Searching for dependencies of ignition-math6
[1.300s] -- Looking for OGRE...
[1.320s] -- Found Ogre Ghadamon (1.9.0)
[1.321s] -- Found OGRE: optimized;/usr/lib/x86_64-linux-gnu/libOgreMain.so;debug;/usr/lib/x86_64-linux-gnu/libOgreMain.so
[1.338s] -- Looking for OGRE_Paging...
[1.340s] -- Found OGRE_Paging: optimized;/usr/lib/x86_64-linux-gnu/libOgrePaging.so;debug;/usr/lib/x86_64-linux-gnu/libOgrePaging.so
[1.340s] -- Looking for OGRE_Terrain...
[1.341s] -- Found OGRE_Terrain: optimized;/usr/lib/x86_64-linux-gnu/libOgreTerrain.so;debug;/usr/lib/x86_64-linux-gnu/libOgreTerrain.so
[1.342s] -- Looking for OGRE_Property...
[1.342s] -- Found OGRE_Property: optimized;/usr/lib/x86_64-linux-gnu/libOgreProperty.so;debug;/usr/lib/x86_64-linux-gnu/libOgreProperty.so
[1.342s] -- Looking for OGRE_RTShaderSystem...
[1.343s] -- Found OGRE_RTShaderSystem: optimized;/usr/lib/x86_64-linux-gnu/libOgreRTShaderSystem.so;debug;/usr/lib/x86_64-linux-gnu/libOgreRTShaderSystem.so
[1.343s] -- Looking for OGRE_Volume...
[1.343s] -- Found OGRE_Volume: optimized;/usr/lib/x86_64-linux-gnu/libOgreVolume.so;debug;/usr/lib/x86_64-linux-gnu/libOgreVolume.so
[1.343s] -- Looking for OGRE_Overlay...
[1.343s] -- Found OGRE_Overlay: optimized;/usr/lib/x86_64-linux-gnu/libOgreOverlay.so;debug;/usr/lib/x86_64-linux-gnu/libOgreOverlay.so
[1.623s] -- Looking for ignition-math6 -- found version 6.15.1
[1.716s] -- Looking for ignition-transport8 -- found version 8.2.1
[1.716s] -- Searching for dependencies of ignition-transport8
[1.716s] -- Found Protobuf: /usr/lib/x86_64-linux-gnu/libprotobuf.so (found suitable version "3.12.4", minimum required is "3") 
[1.716s] -- Config-file not installed for ZeroMQ -- checking for pkg-config
[1.716s] -- Checking for module 'libzmq >= 4'
[1.716s] --   Found libzmq , version 4.3.4
[1.773s] -- Checking for module 'uuid'
[1.792s] --   Found uuid, version 2.37.2
[1.844s] -- Looking for ignition-msgs5 -- found version 5.8.1
[1.844s] -- Searching for dependencies of ignition-msgs5
[1.858s] -- Looking for ignition-math6 -- found version 6.15.1
[1.892s] -- Checking for module 'tinyxml2'
[1.902s] --   Found tinyxml2, version 9.0.0
[2.113s] -- Looking for ignition-msgs5 -- found version 5.8.1
[2.137s] -- Looking for ignition-common3 -- found version 3.14.0
[2.138s] -- Searching for dependencies of ignition-common3
[2.149s] -- Looking for dlfcn.h - found
[2.149s] -- Looking for libdl - found
[2.220s] -- Searching for <ignition-common3> component [graphics]
[2.226s] -- Looking for ignition-common3-graphics -- found version 3.14.0
[2.227s] -- Searching for dependencies of ignition-common3-graphics
[2.230s] -- Looking for ignition-math6 -- found version 6.15.1
[2.245s] -- Looking for ignition-fuel_tools4 -- found version 4.4.0
[2.251s] -- Searching for dependencies of ignition-fuel_tools4
[2.450s] -- Checking for module 'jsoncpp'
[2.532s] --   Found jsoncpp, version 1.9.5
[2.664s] -- Checking for module 'libzip'
[2.699s] --   Found libzip, version 1.7.3
[2.752s] -- Looking for ignition-common3 -- found version 3.14.0
[2.752s] -- Looking for ignition-math6 -- found version 6.15.1
[2.754s] -- Looking for ignition-msgs5 -- found version 5.8.1
[2.772s] -- Found gazebo_ros_pkgs: 3.9.0 (/opt/ros/humble/share/gazebo_ros_pkgs/cmake)
[2.773s] -- Found geometry_msgs: 4.2.4 (/opt/ros/humble/share/geometry_msgs/cmake)
[2.839s] -- Found rosidl_generator_c: 3.1.6 (/opt/ros/humble/share/rosidl_generator_c/cmake)
[2.839s] -- Found rosidl_adapter: 3.1.6 (/opt/ros/humble/share/rosidl_adapter/cmake)
[2.839s] -- Found rosidl_generator_cpp: 3.1.6 (/opt/ros/humble/share/rosidl_generator_cpp/cmake)
[2.858s] -- Using all available rosidl_typesupport_c: rosidl_typesupport_fastrtps_c;rosidl_typesupport_introspection_c
[2.900s] -- Using all available rosidl_typesupport_cpp: rosidl_typesupport_fastrtps_cpp;rosidl_typesupport_introspection_cpp
[5.398s] -- Found nav_msgs: 4.2.4 (/opt/ros/humble/share/nav_msgs/cmake)
[5.444s] -- Found rclcpp: 16.0.11 (/opt/ros/humble/share/rclcpp/cmake)
[5.934s] -- Found rmw_implementation_cmake: 6.1.2 (/opt/ros/humble/share/rmw_implementation_cmake/cmake)
[5.946s] -- Found rmw_fastrtps_cpp: 6.2.7 (/opt/ros/humble/share/rmw_fastrtps_cpp/cmake)
[6.323s] -- Using RMW implementation 'rmw_fastrtps_cpp' as default
[9.006s] -- Found sensor_msgs: 4.2.4 (/opt/ros/humble/share/sensor_msgs/cmake)
[9.202s] -- Found tf2: 0.25.12 (/opt/ros/humble/share/tf2/cmake)
[9.619s] -- Configuring done
[10.662s] -- Generating done
[10.826s] -- Build files have been written to: /home/acalvo/turtlebot3_ws/build/turtlebot3_gazebo
[11.466s] [35m[1mConsolidate compiler generated dependencies of target turtlebot3_drive[0m
[11.498s] [35m[1mConsolidate compiler generated dependencies of target obstacle1[0m
[11.532s] [ 12%] [32mBuilding CXX object CMakeFiles/turtlebot3_drive.dir/src/turtlebot3_drive.cpp.o[0m
[11.807s] [ 25%] [32mBuilding CXX object CMakeFiles/obstacle1.dir/models/turtlebot3_dqn_world/obstacle_plugin/obstacle1.cc.o[0m
[31.794s] [ 37%] [32m[1mLinking CXX executable turtlebot3_drive[0m
[32.953s] [ 37%] Built target turtlebot3_drive
[39.966s] [ 50%] [32m[1mLinking CXX shared library libobstacle1.so[0m
[40.873s] [ 50%] Built target obstacle1
[40.910s] [35m[1mConsolidate compiler generated dependencies of target obstacle2[0m
[40.953s] [ 62%] [32mBuilding CXX object CMakeFiles/obstacle2.dir/models/turtlebot3_dqn_world/obstacle_plugin/obstacle2.cc.o[0m
[54.470s] [ 75%] [32m[1mLinking CXX shared library libobstacle2.so[0m
[54.691s] [ 75%] Built target obstacle2
[54.744s] [35m[1mConsolidate compiler generated dependencies of target obstacles[0m
[54.798s] [ 87%] [32mBuilding CXX object CMakeFiles/obstacles.dir/models/turtlebot3_dqn_world/obstacle_plugin/obstacles.cc.o[0m
[68.645s] [100%] [32m[1mLinking CXX shared library libobstacles.so[0m
[69.026s] [100%] Built target obstacles
[69.057s] Invoked command in '/home/acalvo/turtlebot3_ws/build/turtlebot3_gazebo' returned '0': CMAKE_PREFIX_PATH=${CMAKE_PREFIX_PATH}:/home/acalvo/turtlebot3_ws/install/turtlebot3_teleop:/home/acalvo/turtlebot3_ws/install/turtlebot3_example:/opt/ros/humble /usr/bin/cmake --build /home/acalvo/turtlebot3_ws/build/turtlebot3_gazebo -- -j2 -l2
[69.093s] Invoking command in '/home/acalvo/turtlebot3_ws/build/turtlebot3_gazebo': CMAKE_PREFIX_PATH=${CMAKE_PREFIX_PATH}:/home/acalvo/turtlebot3_ws/install/turtlebot3_teleop:/home/acalvo/turtlebot3_ws/install/turtlebot3_example:/opt/ros/humble /usr/bin/cmake --install /home/acalvo/turtlebot3_ws/build/turtlebot3_gazebo
[69.097s] -- Install configuration: ""
[69.098s] -- Execute custom install script
[69.101s] -- Up-to-date symlink: /home/acalvo/turtlebot3_ws/install/turtlebot3_gazebo/lib/turtlebot3_gazebo/turtlebot3_drive
[69.107s] -- Up-to-date symlink: /home/acalvo/turtlebot3_ws/install/turtlebot3_gazebo/share/turtlebot3_gazebo//launch/empty_world.launch.py
[69.111s] -- Up-to-date symlink: /home/acalvo/turtlebot3_ws/install/turtlebot3_gazebo/share/turtlebot3_gazebo//launch/robot_state_publisher.launch.py
[69.112s] -- Up-to-date symlink: /home/acalvo/turtlebot3_ws/install/turtlebot3_gazebo/share/turtlebot3_gazebo//launch/spawn_turtlebot3.launch.py
[69.115s] -- Up-to-date symlink: /home/acalvo/turtlebot3_ws/install/turtlebot3_gazebo/share/turtlebot3_gazebo//launch/turtlebot3_dqn_stage1.launch.py
[69.115s] -- Up-to-date symlink: /home/acalvo/turtlebot3_ws/install/turtlebot3_gazebo/share/turtlebot3_gazebo//launch/turtlebot3_dqn_stage2.launch.py
[69.115s] -- Up-to-date symlink: /home/acalvo/turtlebot3_ws/install/turtlebot3_gazebo/share/turtlebot3_gazebo//launch/turtlebot3_dqn_stage3.launch.py
[69.117s] -- Up-to-date symlink: /home/acalvo/turtlebot3_ws/install/turtlebot3_gazebo/share/turtlebot3_gazebo//launch/turtlebot3_dqn_stage4.launch.py
[69.118s] -- Up-to-date symlink: /home/acalvo/turtlebot3_ws/install/turtlebot3_gazebo/share/turtlebot3_gazebo//launch/turtlebot3_house.launch.py
[69.119s] -- Up-to-date symlink: /home/acalvo/turtlebot3_ws/install/turtlebot3_gazebo/share/turtlebot3_gazebo//launch/turtlebot3_world.launch.py
[69.130s] -- Up-to-date symlink: /home/acalvo/turtlebot3_ws/install/turtlebot3_gazebo/share/turtlebot3_gazebo//models/turtlebot3_burger/model-1_4.sdf
[69.132s] -- Up-to-date symlink: /home/acalvo/turtlebot3_ws/install/turtlebot3_gazebo/share/turtlebot3_gazebo//models/turtlebot3_burger/model.config
[69.133s] -- Up-to-date symlink: /home/acalvo/turtlebot3_ws/install/turtlebot3_gazebo/share/turtlebot3_gazebo//models/turtlebot3_burger/model.sdf
[69.136s] -- Up-to-date symlink: /home/acalvo/turtlebot3_ws/install/turtlebot3_gazebo/share/turtlebot3_gazebo//models/turtlebot3_common/meshes/burger_base.dae
[69.137s] -- Up-to-date symlink: /home/acalvo/turtlebot3_ws/install/turtlebot3_gazebo/share/turtlebot3_gazebo//models/turtlebot3_common/meshes/lds.dae
[69.139s] -- Up-to-date symlink: /home/acalvo/turtlebot3_ws/install/turtlebot3_gazebo/share/turtlebot3_gazebo//models/turtlebot3_common/meshes/r200.dae
[69.140s] -- Up-to-date symlink: /home/acalvo/turtlebot3_ws/install/turtlebot3_gazebo/share/turtlebot3_gazebo//models/turtlebot3_common/meshes/tire.dae
[69.141s] -- Up-to-date symlink: /home/acalvo/turtlebot3_ws/install/turtlebot3_gazebo/share/turtlebot3_gazebo//models/turtlebot3_common/meshes/waffle_base.dae
[69.142s] -- Up-to-date symlink: /home/acalvo/turtlebot3_ws/install/turtlebot3_gazebo/share/turtlebot3_gazebo//models/turtlebot3_common/meshes/waffle_pi_base.dae
[69.145s] -- Up-to-date symlink: /home/acalvo/turtlebot3_ws/install/turtlebot3_gazebo/share/turtlebot3_gazebo//models/turtlebot3_common/model.config
[69.149s] -- Up-to-date symlink: /home/acalvo/turtlebot3_ws/install/turtlebot3_gazebo/share/turtlebot3_gazebo//models/turtlebot3_dqn_world/goal_box/model.config
[69.149s] -- Up-to-date symlink: /home/acalvo/turtlebot3_ws/install/turtlebot3_gazebo/share/turtlebot3_gazebo//models/turtlebot3_dqn_world/goal_box/model.sdf
[69.151s] -- Up-to-date symlink: /home/acalvo/turtlebot3_ws/install/turtlebot3_gazebo/share/turtlebot3_gazebo//models/turtlebot3_dqn_world/inner_walls/model.config
[69.152s] -- Up-to-date symlink: /home/acalvo/turtlebot3_ws/install/turtlebot3_gazebo/share/turtlebot3_gazebo//models/turtlebot3_dqn_world/inner_walls/model.sdf
[69.154s] -- Up-to-date symlink: /home/acalvo/turtlebot3_ws/install/turtlebot3_gazebo/share/turtlebot3_gazebo//models/turtlebot3_dqn_world/model.config
[69.155s] -- Up-to-date symlink: /home/acalvo/turtlebot3_ws/install/turtlebot3_gazebo/share/turtlebot3_gazebo//models/turtlebot3_dqn_world/model.sdf
[69.156s] -- Up-to-date symlink: /home/acalvo/turtlebot3_ws/install/turtlebot3_gazebo/share/turtlebot3_gazebo//models/turtlebot3_dqn_world/obstacle1/model.config
[69.157s] -- Up-to-date symlink: /home/acalvo/turtlebot3_ws/install/turtlebot3_gazebo/share/turtlebot3_gazebo//models/turtlebot3_dqn_world/obstacle1/model.sdf
[69.159s] -- Up-to-date symlink: /home/acalvo/turtlebot3_ws/install/turtlebot3_gazebo/share/turtlebot3_gazebo//models/turtlebot3_dqn_world/obstacle2/model.config
[69.160s] -- Up-to-date symlink: /home/acalvo/turtlebot3_ws/install/turtlebot3_gazebo/share/turtlebot3_gazebo//models/turtlebot3_dqn_world/obstacle2/model.sdf
[69.162s] -- Up-to-date symlink: /home/acalvo/turtlebot3_ws/install/turtlebot3_gazebo/share/turtlebot3_gazebo//models/turtlebot3_dqn_world/obstacle_plugin/CMakeLists.txt
[69.163s] -- Up-to-date symlink: /home/acalvo/turtlebot3_ws/install/turtlebot3_gazebo/share/turtlebot3_gazebo//models/turtlebot3_dqn_world/obstacle_plugin/obstacle1.cc
[69.164s] -- Up-to-date symlink: /home/acalvo/turtlebot3_ws/install/turtlebot3_gazebo/share/turtlebot3_gazebo//models/turtlebot3_dqn_world/obstacle_plugin/obstacle2.cc
[69.165s] -- Up-to-date symlink: /home/acalvo/turtlebot3_ws/install/turtlebot3_gazebo/share/turtlebot3_gazebo//models/turtlebot3_dqn_world/obstacle_plugin/obstacles.cc
[69.166s] -- Up-to-date symlink: /home/acalvo/turtlebot3_ws/install/turtlebot3_gazebo/share/turtlebot3_gazebo//models/turtlebot3_dqn_world/obstacles/model.config
[69.168s] -- Up-to-date symlink: /home/acalvo/turtlebot3_ws/install/turtlebot3_gazebo/share/turtlebot3_gazebo//models/turtlebot3_dqn_world/obstacles/model.sdf
[69.169s] -- Up-to-date symlink: /home/acalvo/turtlebot3_ws/install/turtlebot3_gazebo/share/turtlebot3_gazebo//models/turtlebot3_house/model.config
[69.171s] -- Up-to-date symlink: /home/acalvo/turtlebot3_ws/install/turtlebot3_gazebo/share/turtlebot3_gazebo//models/turtlebot3_house/model.sdf
[69.173s] -- Up-to-date symlink: /home/acalvo/turtlebot3_ws/install/turtlebot3_gazebo/share/turtlebot3_gazebo//models/turtlebot3_waffle/model-1_4.sdf
[69.186s] -- Up-to-date symlink: /home/acalvo/turtlebot3_ws/install/turtlebot3_gazebo/share/turtlebot3_gazebo//models/turtlebot3_waffle/model.config
[69.204s] -- Up-to-date symlink: /home/acalvo/turtlebot3_ws/install/turtlebot3_gazebo/share/turtlebot3_gazebo//models/turtlebot3_waffle/model.sdf
[69.207s] -- Up-to-date symlink: /home/acalvo/turtlebot3_ws/install/turtlebot3_gazebo/share/turtlebot3_gazebo//models/turtlebot3_waffle_pi/model-1_4_.sdf
[69.207s] -- Up-to-date symlink: /home/acalvo/turtlebot3_ws/install/turtlebot3_gazebo/share/turtlebot3_gazebo//models/turtlebot3_waffle_pi/model.config
[69.211s] -- Up-to-date symlink: /home/acalvo/turtlebot3_ws/install/turtlebot3_gazebo/share/turtlebot3_gazebo//models/turtlebot3_waffle_pi/model.sdf
[69.211s] -- Up-to-date symlink: /home/acalvo/turtlebot3_ws/install/turtlebot3_gazebo/share/turtlebot3_gazebo//models/turtlebot3_world/meshes/hexagon.dae
[69.212s] -- Up-to-date symlink: /home/acalvo/turtlebot3_ws/install/turtlebot3_gazebo/share/turtlebot3_gazebo//models/turtlebot3_world/meshes/wall.dae
[69.212s] -- Up-to-date symlink: /home/acalvo/turtlebot3_ws/install/turtlebot3_gazebo/share/turtlebot3_gazebo//models/turtlebot3_world/model-1_4.sdf
[69.213s] -- Up-to-date symlink: /home/acalvo/turtlebot3_ws/install/turtlebot3_gazebo/share/turtlebot3_gazebo//models/turtlebot3_world/model.config
[69.213s] -- Up-to-date symlink: /home/acalvo/turtlebot3_ws/install/turtlebot3_gazebo/share/turtlebot3_gazebo//models/turtlebot3_world/model.sdf
[69.214s] -- Up-to-date symlink: /home/acalvo/turtlebot3_ws/install/turtlebot3_gazebo/share/turtlebot3_gazebo//rviz/tb3_gazebo.rviz
[69.215s] -- Up-to-date symlink: /home/acalvo/turtlebot3_ws/install/turtlebot3_gazebo/share/turtlebot3_gazebo//urdf/common_properties.urdf
[69.216s] -- Up-to-date symlink: /home/acalvo/turtlebot3_ws/install/turtlebot3_gazebo/share/turtlebot3_gazebo//urdf/turtlebot3_burger.urdf
[69.219s] -- Up-to-date symlink: /home/acalvo/turtlebot3_ws/install/turtlebot3_gazebo/share/turtlebot3_gazebo//urdf/turtlebot3_waffle.urdf
[69.219s] -- Up-to-date symlink: /home/acalvo/turtlebot3_ws/install/turtlebot3_gazebo/share/turtlebot3_gazebo//urdf/turtlebot3_waffle_pi.urdf
[69.222s] -- Up-to-date symlink: /home/acalvo/turtlebot3_ws/install/turtlebot3_gazebo/share/turtlebot3_gazebo//worlds/empty_world.world
[69.223s] -- Up-to-date symlink: /home/acalvo/turtlebot3_ws/install/turtlebot3_gazebo/share/turtlebot3_gazebo//worlds/turtlebot3_dqn_stage1.world
[69.224s] -- Up-to-date symlink: /home/acalvo/turtlebot3_ws/install/turtlebot3_gazebo/share/turtlebot3_gazebo//worlds/turtlebot3_dqn_stage2.world
[69.227s] -- Up-to-date symlink: /home/acalvo/turtlebot3_ws/install/turtlebot3_gazebo/share/turtlebot3_gazebo//worlds/turtlebot3_dqn_stage3.world
[69.228s] -- Up-to-date symlink: /home/acalvo/turtlebot3_ws/install/turtlebot3_gazebo/share/turtlebot3_gazebo//worlds/turtlebot3_dqn_stage4.world
[69.229s] -- Up-to-date symlink: /home/acalvo/turtlebot3_ws/install/turtlebot3_gazebo/share/turtlebot3_gazebo//worlds/turtlebot3_house.world
[69.230s] -- Up-to-date symlink: /home/acalvo/turtlebot3_ws/install/turtlebot3_gazebo/share/turtlebot3_gazebo//worlds/turtlebot3_world.world
[69.234s] -- Up-to-date symlink: /home/acalvo/turtlebot3_ws/install/turtlebot3_gazebo/include//turtlebot3_gazebo/turtlebot3_drive.hpp
[69.235s] -- Up-to-date symlink: /home/acalvo/turtlebot3_ws/install/turtlebot3_gazebo/share/ament_index/resource_index/package_run_dependencies/turtlebot3_gazebo
[69.237s] -- Up-to-date symlink: /home/acalvo/turtlebot3_ws/install/turtlebot3_gazebo/share/ament_index/resource_index/parent_prefix_path/turtlebot3_gazebo
[69.240s] -- Up-to-date symlink: /home/acalvo/turtlebot3_ws/install/turtlebot3_gazebo/share/turtlebot3_gazebo/environment/ament_prefix_path.sh
[69.241s] -- Up-to-date symlink: /home/acalvo/turtlebot3_ws/install/turtlebot3_gazebo/share/turtlebot3_gazebo/environment/ament_prefix_path.dsv
[69.243s] -- Up-to-date symlink: /home/acalvo/turtlebot3_ws/install/turtlebot3_gazebo/share/turtlebot3_gazebo/environment/path.sh
[69.248s] -- Up-to-date symlink: /home/acalvo/turtlebot3_ws/install/turtlebot3_gazebo/share/turtlebot3_gazebo/environment/path.dsv
[69.250s] -- Up-to-date symlink: /home/acalvo/turtlebot3_ws/install/turtlebot3_gazebo/share/turtlebot3_gazebo/local_setup.bash
[69.252s] -- Up-to-date symlink: /home/acalvo/turtlebot3_ws/install/turtlebot3_gazebo/share/turtlebot3_gazebo/local_setup.sh
[69.252s] -- Up-to-date symlink: /home/acalvo/turtlebot3_ws/install/turtlebot3_gazebo/share/turtlebot3_gazebo/local_setup.zsh
[69.254s] -- Up-to-date symlink: /home/acalvo/turtlebot3_ws/install/turtlebot3_gazebo/share/turtlebot3_gazebo/local_setup.dsv
[69.255s] -- Symlinking: /home/acalvo/turtlebot3_ws/install/turtlebot3_gazebo/share/turtlebot3_gazebo/package.dsv
[69.292s] -- Up-to-date symlink: /home/acalvo/turtlebot3_ws/install/turtlebot3_gazebo/share/ament_index/resource_index/packages/turtlebot3_gazebo
[69.294s] -- Up-to-date symlink: /home/acalvo/turtlebot3_ws/install/turtlebot3_gazebo/share/turtlebot3_gazebo/cmake/ament_cmake_export_include_directories-extras.cmake
[69.296s] -- Up-to-date symlink: /home/acalvo/turtlebot3_ws/install/turtlebot3_gazebo/share/turtlebot3_gazebo/cmake/ament_cmake_export_dependencies-extras.cmake
[69.297s] -- Up-to-date symlink: /home/acalvo/turtlebot3_ws/install/turtlebot3_gazebo/share/turtlebot3_gazebo/cmake/turtlebot3_gazeboConfig.cmake
[69.298s] -- Up-to-date symlink: /home/acalvo/turtlebot3_ws/install/turtlebot3_gazebo/share/turtlebot3_gazebo/cmake/turtlebot3_gazeboConfig-version.cmake
[69.300s] -- Up-to-date symlink: /home/acalvo/turtlebot3_ws/install/turtlebot3_gazebo/share/turtlebot3_gazebo/package.xml
[69.302s] Invoked command in '/home/acalvo/turtlebot3_ws/build/turtlebot3_gazebo' returned '0': CMAKE_PREFIX_PATH=${CMAKE_PREFIX_PATH}:/home/acalvo/turtlebot3_ws/install/turtlebot3_teleop:/home/acalvo/turtlebot3_ws/install/turtlebot3_example:/opt/ros/humble /usr/bin/cmake --install /home/acalvo/turtlebot3_ws/build/turtlebot3_gazebo
