[0.034s] Invoking command in '/home/acalvo/turtlebot3_ws/build/turtlebot3_fake_node': CMAKE_PREFIX_PATH=/home/acalvo/turtlebot3_ws/install/turtlebot3_msgs:/home/acalvo/turtlebot3_ws/install/turtlebot3:/home/acalvo/turtlebot3_ws/install/turtlebot3_bringup:/home/acalvo/turtlebot3_ws/install/turtlebot3_node:/home/acalvo/turtlebot3_ws/install/turtlebot3_navigation2:/home/acalvo/turtlebot3_ws/install/turtlebot3_description:/home/acalvo/turtlebot3_ws/install/turtlebot3_cartographer:/home/acalvo/turtlebot3_ws/install/dynamixel_sdk_examples:/home/acalvo/turtlebot3_ws/install/dynamixel_sdk_custom_interfaces:/home/acalvo/turtlebot3_ws/install/dynamixel_sdk:/home/acalvo/turtlebot3_ws/install/turtlebot3_teleop:/home/acalvo/turtlebot3_ws/install/turtlebot3_example:/opt/ros/humble LD_LIBRARY_PATH=/home/acalvo/turtlebot3_ws/install/turtlebot3_msgs/lib:/home/acalvo/turtlebot3_ws/install/dynamixel_sdk_custom_interfaces/lib:/home/acalvo/turtlebot3_ws/install/dynamixel_sdk/lib:/usr/lib/x86_64-linux-gnu/gazebo-11/plugins:/opt/ros/humble/opt/rviz_ogre_vendor/lib:/opt/ros/humble/lib/x86_64-linux-gnu:/opt/ros/humble/lib:/usr/lib/x86_64-linux-gnu/gazebo-11/plugins /usr/bin/cmake /home/acalvo/turtlebot3_ws/src/turtlebot3_simulations/turtlebot3_fake_node -DAMENT_CMAKE_SYMLINK_INSTALL=1 -DCMAKE_INSTALL_PREFIX=/home/acalvo/turtlebot3_ws/install/turtlebot3_fake_node
[0.169s] -- The C compiler identification is GNU 11.4.0
[0.275s] -- The CXX compiler identification is GNU 11.4.0
[0.281s] -- Detecting C compiler ABI info
[0.444s] -- Detecting C compiler ABI info - done
[0.452s] -- Check for working C compiler: /usr/bin/cc - skipped
[0.452s] -- Detecting C compile features
[0.453s] -- Detecting C compile features - done
[0.459s] -- Detecting CXX compiler ABI info
[0.587s] -- Detecting CXX compiler ABI info - done
[0.598s] -- Check for working CXX compiler: /usr/bin/c++ - skipped
[0.598s] -- Detecting CXX compile features
[0.598s] -- Detecting CXX compile features - done
[0.602s] -- Found ament_cmake: 1.3.11 (/opt/ros/humble/share/ament_cmake/cmake)
[0.821s] -- Found Python3: /usr/bin/python3 (found version "3.10.12") found components: Interpreter 
[0.942s] -- Override CMake install command with custom implementation using symlinks instead of copying resources
[0.987s] -- Found geometry_msgs: 4.2.4 (/opt/ros/humble/share/geometry_msgs/cmake)
[1.046s] -- Found rosidl_generator_c: 3.1.6 (/opt/ros/humble/share/rosidl_generator_c/cmake)
[1.046s] -- Found rosidl_adapter: 3.1.6 (/opt/ros/humble/share/rosidl_adapter/cmake)
[1.055s] -- Found rosidl_generator_cpp: 3.1.6 (/opt/ros/humble/share/rosidl_generator_cpp/cmake)
[1.084s] -- Using all available rosidl_typesupport_c: rosidl_typesupport_fastrtps_c;rosidl_typesupport_introspection_c
[1.111s] -- Using all available rosidl_typesupport_cpp: rosidl_typesupport_fastrtps_cpp;rosidl_typesupport_introspection_cpp
[1.160s] -- Found nav_msgs: 4.2.4 (/opt/ros/humble/share/nav_msgs/cmake)
[1.194s] -- Found rclcpp: 16.0.11 (/opt/ros/humble/share/rclcpp/cmake)
[1.241s] -- Found rmw_implementation_cmake: 6.1.2 (/opt/ros/humble/share/rmw_implementation_cmake/cmake)
[1.246s] -- Found rmw_fastrtps_cpp: 6.2.7 (/opt/ros/humble/share/rmw_fastrtps_cpp/cmake)
[1.460s] -- Found OpenSSL: /usr/lib/x86_64-linux-gnu/libcrypto.so (found version "3.0.2")  
[1.473s] -- Found FastRTPS: /opt/ros/humble/include  
[1.547s] -- Using RMW implementation 'rmw_fastrtps_cpp' as default
[1.547s] -- Looking for pthread.h
[1.698s] -- Looking for pthread.h - found
[1.703s] -- Performing Test CMAKE_HAVE_LIBC_PTHREAD
[1.910s] -- Performing Test CMAKE_HAVE_LIBC_PTHREAD - Success
[1.912s] -- Found Threads: TRUE  
[1.983s] -- Found sensor_msgs: 4.2.4 (/opt/ros/humble/share/sensor_msgs/cmake)
[2.028s] -- Found tf2: 0.25.12 (/opt/ros/humble/share/tf2/cmake)
[2.051s] -- Found tf2_msgs: 0.25.12 (/opt/ros/humble/share/tf2_msgs/cmake)
[2.208s] -- Found turtlebot3_msgs: 2.3.0 (/home/acalvo/turtlebot3_ws/install/turtlebot3_msgs/share/turtlebot3_msgs/cmake)
[2.377s] -- Configuring done
[2.399s] -- Generating done
[2.412s] -- Build files have been written to: /home/acalvo/turtlebot3_ws/build/turtlebot3_fake_node
[2.432s] Invoked command in '/home/acalvo/turtlebot3_ws/build/turtlebot3_fake_node' returned '0': CMAKE_PREFIX_PATH=/home/acalvo/turtlebot3_ws/install/turtlebot3_msgs:/home/acalvo/turtlebot3_ws/install/turtlebot3:/home/acalvo/turtlebot3_ws/install/turtlebot3_bringup:/home/acalvo/turtlebot3_ws/install/turtlebot3_node:/home/acalvo/turtlebot3_ws/install/turtlebot3_navigation2:/home/acalvo/turtlebot3_ws/install/turtlebot3_description:/home/acalvo/turtlebot3_ws/install/turtlebot3_cartographer:/home/acalvo/turtlebot3_ws/install/dynamixel_sdk_examples:/home/acalvo/turtlebot3_ws/install/dynamixel_sdk_custom_interfaces:/home/acalvo/turtlebot3_ws/install/dynamixel_sdk:/home/acalvo/turtlebot3_ws/install/turtlebot3_teleop:/home/acalvo/turtlebot3_ws/install/turtlebot3_example:/opt/ros/humble LD_LIBRARY_PATH=/home/acalvo/turtlebot3_ws/install/turtlebot3_msgs/lib:/home/acalvo/turtlebot3_ws/install/dynamixel_sdk_custom_interfaces/lib:/home/acalvo/turtlebot3_ws/install/dynamixel_sdk/lib:/usr/lib/x86_64-linux-gnu/gazebo-11/plugins:/opt/ros/humble/opt/rviz_ogre_vendor/lib:/opt/ros/humble/lib/x86_64-linux-gnu:/opt/ros/humble/lib:/usr/lib/x86_64-linux-gnu/gazebo-11/plugins /usr/bin/cmake /home/acalvo/turtlebot3_ws/src/turtlebot3_simulations/turtlebot3_fake_node -DAMENT_CMAKE_SYMLINK_INSTALL=1 -DCMAKE_INSTALL_PREFIX=/home/acalvo/turtlebot3_ws/install/turtlebot3_fake_node
[2.433s] Invoking command in '/home/acalvo/turtlebot3_ws/build/turtlebot3_fake_node': CMAKE_PREFIX_PATH=/home/acalvo/turtlebot3_ws/install/turtlebot3_msgs:/home/acalvo/turtlebot3_ws/install/turtlebot3:/home/acalvo/turtlebot3_ws/install/turtlebot3_bringup:/home/acalvo/turtlebot3_ws/install/turtlebot3_node:/home/acalvo/turtlebot3_ws/install/turtlebot3_navigation2:/home/acalvo/turtlebot3_ws/install/turtlebot3_description:/home/acalvo/turtlebot3_ws/install/turtlebot3_cartographer:/home/acalvo/turtlebot3_ws/install/dynamixel_sdk_examples:/home/acalvo/turtlebot3_ws/install/dynamixel_sdk_custom_interfaces:/home/acalvo/turtlebot3_ws/install/dynamixel_sdk:/home/acalvo/turtlebot3_ws/install/turtlebot3_teleop:/home/acalvo/turtlebot3_ws/install/turtlebot3_example:/opt/ros/humble LD_LIBRARY_PATH=/home/acalvo/turtlebot3_ws/install/turtlebot3_msgs/lib:/home/acalvo/turtlebot3_ws/install/dynamixel_sdk_custom_interfaces/lib:/home/acalvo/turtlebot3_ws/install/dynamixel_sdk/lib:/usr/lib/x86_64-linux-gnu/gazebo-11/plugins:/opt/ros/humble/opt/rviz_ogre_vendor/lib:/opt/ros/humble/lib/x86_64-linux-gnu:/opt/ros/humble/lib:/usr/lib/x86_64-linux-gnu/gazebo-11/plugins /usr/bin/cmake --build /home/acalvo/turtlebot3_ws/build/turtlebot3_fake_node -- -j2 -l2
[2.545s] [ 50%] [32mBuilding CXX object CMakeFiles/turtlebot3_fake_node.dir/src/turtlebot3_fake_node.cpp.o[0m
[14.643s] [100%] [32m[1mLinking CXX executable turtlebot3_fake_node[0m
[15.222s] [100%] Built target turtlebot3_fake_node
[15.265s] Invoked command in '/home/acalvo/turtlebot3_ws/build/turtlebot3_fake_node' returned '0': CMAKE_PREFIX_PATH=/home/acalvo/turtlebot3_ws/install/turtlebot3_msgs:/home/acalvo/turtlebot3_ws/install/turtlebot3:/home/acalvo/turtlebot3_ws/install/turtlebot3_bringup:/home/acalvo/turtlebot3_ws/install/turtlebot3_node:/home/acalvo/turtlebot3_ws/install/turtlebot3_navigation2:/home/acalvo/turtlebot3_ws/install/turtlebot3_description:/home/acalvo/turtlebot3_ws/install/turtlebot3_cartographer:/home/acalvo/turtlebot3_ws/install/dynamixel_sdk_examples:/home/acalvo/turtlebot3_ws/install/dynamixel_sdk_custom_interfaces:/home/acalvo/turtlebot3_ws/install/dynamixel_sdk:/home/acalvo/turtlebot3_ws/install/turtlebot3_teleop:/home/acalvo/turtlebot3_ws/install/turtlebot3_example:/opt/ros/humble LD_LIBRARY_PATH=/home/acalvo/turtlebot3_ws/install/turtlebot3_msgs/lib:/home/acalvo/turtlebot3_ws/install/dynamixel_sdk_custom_interfaces/lib:/home/acalvo/turtlebot3_ws/install/dynamixel_sdk/lib:/usr/lib/x86_64-linux-gnu/gazebo-11/plugins:/opt/ros/humble/opt/rviz_ogre_vendor/lib:/opt/ros/humble/lib/x86_64-linux-gnu:/opt/ros/humble/lib:/usr/lib/x86_64-linux-gnu/gazebo-11/plugins /usr/bin/cmake --build /home/acalvo/turtlebot3_ws/build/turtlebot3_fake_node -- -j2 -l2
[15.265s] Invoking command in '/home/acalvo/turtlebot3_ws/build/turtlebot3_fake_node': CMAKE_PREFIX_PATH=/home/acalvo/turtlebot3_ws/install/turtlebot3_msgs:/home/acalvo/turtlebot3_ws/install/turtlebot3:/home/acalvo/turtlebot3_ws/install/turtlebot3_bringup:/home/acalvo/turtlebot3_ws/install/turtlebot3_node:/home/acalvo/turtlebot3_ws/install/turtlebot3_navigation2:/home/acalvo/turtlebot3_ws/install/turtlebot3_description:/home/acalvo/turtlebot3_ws/install/turtlebot3_cartographer:/home/acalvo/turtlebot3_ws/install/dynamixel_sdk_examples:/home/acalvo/turtlebot3_ws/install/dynamixel_sdk_custom_interfaces:/home/acalvo/turtlebot3_ws/install/dynamixel_sdk:/home/acalvo/turtlebot3_ws/install/turtlebot3_teleop:/home/acalvo/turtlebot3_ws/install/turtlebot3_example:/opt/ros/humble LD_LIBRARY_PATH=/home/acalvo/turtlebot3_ws/install/turtlebot3_msgs/lib:/home/acalvo/turtlebot3_ws/install/dynamixel_sdk_custom_interfaces/lib:/home/acalvo/turtlebot3_ws/install/dynamixel_sdk/lib:/usr/lib/x86_64-linux-gnu/gazebo-11/plugins:/opt/ros/humble/opt/rviz_ogre_vendor/lib:/opt/ros/humble/lib/x86_64-linux-gnu:/opt/ros/humble/lib:/usr/lib/x86_64-linux-gnu/gazebo-11/plugins /usr/bin/cmake --install /home/acalvo/turtlebot3_ws/build/turtlebot3_fake_node
[15.291s] -- Install configuration: ""
[15.296s] -- Execute custom install script
[15.297s] -- Symlinking: /home/acalvo/turtlebot3_ws/install/turtlebot3_fake_node/lib/turtlebot3_fake_node/turtlebot3_fake_node
[15.322s] -- Symlinking: /home/acalvo/turtlebot3_ws/install/turtlebot3_fake_node/share/turtlebot3_fake_node/launch/rviz2.launch.py
[15.337s] -- Symlinking: /home/acalvo/turtlebot3_ws/install/turtlebot3_fake_node/share/turtlebot3_fake_node/launch/turtlebot3_fake_node.launch.py
[15.352s] -- Symlinking: /home/acalvo/turtlebot3_ws/install/turtlebot3_fake_node/share/turtlebot3_fake_node/param/burger.yaml
[15.365s] -- Symlinking: /home/acalvo/turtlebot3_ws/install/turtlebot3_fake_node/share/turtlebot3_fake_node/param/waffle.yaml
[15.379s] -- Symlinking: /home/acalvo/turtlebot3_ws/install/turtlebot3_fake_node/share/turtlebot3_fake_node/param/waffle_pi.yaml
[15.392s] -- Symlinking: /home/acalvo/turtlebot3_ws/install/turtlebot3_fake_node/include//turtlebot3_fake_node/turtlebot3_fake_node.hpp
[15.414s] -- Symlinking: /home/acalvo/turtlebot3_ws/install/turtlebot3_fake_node/share/ament_index/resource_index/package_run_dependencies/turtlebot3_fake_node
[15.438s] -- Symlinking: /home/acalvo/turtlebot3_ws/install/turtlebot3_fake_node/share/ament_index/resource_index/parent_prefix_path/turtlebot3_fake_node
[15.459s] -- Symlinking: /home/acalvo/turtlebot3_ws/install/turtlebot3_fake_node/share/turtlebot3_fake_node/environment/ament_prefix_path.sh
[15.480s] -- Symlinking: /home/acalvo/turtlebot3_ws/install/turtlebot3_fake_node/share/turtlebot3_fake_node/environment/ament_prefix_path.dsv
[15.502s] -- Symlinking: /home/acalvo/turtlebot3_ws/install/turtlebot3_fake_node/share/turtlebot3_fake_node/environment/path.sh
[15.538s] -- Symlinking: /home/acalvo/turtlebot3_ws/install/turtlebot3_fake_node/share/turtlebot3_fake_node/environment/path.dsv
[15.558s] -- Symlinking: /home/acalvo/turtlebot3_ws/install/turtlebot3_fake_node/share/turtlebot3_fake_node/local_setup.bash
[15.580s] -- Symlinking: /home/acalvo/turtlebot3_ws/install/turtlebot3_fake_node/share/turtlebot3_fake_node/local_setup.sh
[15.599s] -- Symlinking: /home/acalvo/turtlebot3_ws/install/turtlebot3_fake_node/share/turtlebot3_fake_node/local_setup.zsh
[15.618s] -- Symlinking: /home/acalvo/turtlebot3_ws/install/turtlebot3_fake_node/share/turtlebot3_fake_node/local_setup.dsv
[15.655s] -- Symlinking: /home/acalvo/turtlebot3_ws/install/turtlebot3_fake_node/share/turtlebot3_fake_node/package.dsv
[15.668s] -- Symlinking: /home/acalvo/turtlebot3_ws/install/turtlebot3_fake_node/share/ament_index/resource_index/packages/turtlebot3_fake_node
[15.680s] -- Symlinking: /home/acalvo/turtlebot3_ws/install/turtlebot3_fake_node/share/turtlebot3_fake_node/cmake/ament_cmake_export_include_directories-extras.cmake
[15.694s] -- Symlinking: /home/acalvo/turtlebot3_ws/install/turtlebot3_fake_node/share/turtlebot3_fake_node/cmake/ament_cmake_export_dependencies-extras.cmake
[15.707s] -- Symlinking: /home/acalvo/turtlebot3_ws/install/turtlebot3_fake_node/share/turtlebot3_fake_node/cmake/turtlebot3_fake_nodeConfig.cmake
[15.730s] -- Symlinking: /home/acalvo/turtlebot3_ws/install/turtlebot3_fake_node/share/turtlebot3_fake_node/cmake/turtlebot3_fake_nodeConfig-version.cmake
[15.746s] -- Symlinking: /home/acalvo/turtlebot3_ws/install/turtlebot3_fake_node/share/turtlebot3_fake_node/package.xml
[15.770s] Invoked command in '/home/acalvo/turtlebot3_ws/build/turtlebot3_fake_node' returned '0': CMAKE_PREFIX_PATH=/home/acalvo/turtlebot3_ws/install/turtlebot3_msgs:/home/acalvo/turtlebot3_ws/install/turtlebot3:/home/acalvo/turtlebot3_ws/install/turtlebot3_bringup:/home/acalvo/turtlebot3_ws/install/turtlebot3_node:/home/acalvo/turtlebot3_ws/install/turtlebot3_navigation2:/home/acalvo/turtlebot3_ws/install/turtlebot3_description:/home/acalvo/turtlebot3_ws/install/turtlebot3_cartographer:/home/acalvo/turtlebot3_ws/install/dynamixel_sdk_examples:/home/acalvo/turtlebot3_ws/install/dynamixel_sdk_custom_interfaces:/home/acalvo/turtlebot3_ws/install/dynamixel_sdk:/home/acalvo/turtlebot3_ws/install/turtlebot3_teleop:/home/acalvo/turtlebot3_ws/install/turtlebot3_example:/opt/ros/humble LD_LIBRARY_PATH=/home/acalvo/turtlebot3_ws/install/turtlebot3_msgs/lib:/home/acalvo/turtlebot3_ws/install/dynamixel_sdk_custom_interfaces/lib:/home/acalvo/turtlebot3_ws/install/dynamixel_sdk/lib:/usr/lib/x86_64-linux-gnu/gazebo-11/plugins:/opt/ros/humble/opt/rviz_ogre_vendor/lib:/opt/ros/humble/lib/x86_64-linux-gnu:/opt/ros/humble/lib:/usr/lib/x86_64-linux-gnu/gazebo-11/plugins /usr/bin/cmake --install /home/acalvo/turtlebot3_ws/build/turtlebot3_fake_node
