[0.039s] Invoking command in '/home/acalvo/turtlebot3_ws/build/turtlebot3_fake_node': CMAKE_PREFIX_PATH=/home/acalvo/turtlebot3_ws/install/turtlebot3_msgs:/home/acalvo/turtlebot3_ws/install/turtlebot3_simulations:/home/acalvo/turtlebot3_ws/install/turtlebot3_fake_node:/home/acalvo/turtlebot3_ws/install/turtlebot3_gazebo:/home/acalvo/turtlebot3_ws/install/turtlebot3:/home/acalvo/turtlebot3_ws/install/turtlebot3_bringup:/home/acalvo/turtlebot3_ws/install/turtlebot3_node:/home/acalvo/turtlebot3_ws/install/turtlebot3_navigation2:/home/acalvo/turtlebot3_ws/install/turtlebot3_description:/home/acalvo/turtlebot3_ws/install/turtlebot3_cartographer:/home/acalvo/turtlebot3_ws/install/dynamixel_sdk_examples:/home/acalvo/turtlebot3_ws/install/dynamixel_sdk_custom_interfaces:/home/acalvo/turtlebot3_ws/install/dynamixel_sdk:/home/acalvo/turtlebot3_ws/install/turtlebot3_teleop:/home/acalvo/turtlebot3_ws/install/turtlebot3_example:/opt/ros/humble LD_LIBRARY_PATH=/home/acalvo/turtlebot3_ws/install/turtlebot3_msgs/lib:/home/acalvo/turtlebot3_ws/install/dynamixel_sdk_custom_interfaces/lib:/home/acalvo/turtlebot3_ws/install/dynamixel_sdk/lib:/usr/lib/x86_64-linux-gnu/gazebo-11/plugins:/opt/ros/humble/opt/rviz_ogre_vendor/lib:/opt/ros/humble/lib/x86_64-linux-gnu:/opt/ros/humble/lib:/usr/lib/x86_64-linux-gnu/gazebo-11/plugins:/usr/lib/x86_64-linux-gnu/gazebo-11/plugins:/usr/lib/x86_64-linux-gnu/gazebo-11/plugins:/usr/lib/x86_64-linux-gnu/gazebo-11/plugins:/usr/lib/x86_64-linux-gnu/gazebo-11/plugins:/usr/lib/x86_64-linux-gnu/gazebo-11/plugins:/usr/lib/x86_64-linux-gnu/gazebo-11/plugins:/usr/lib/x86_64-linux-gnu/gazebo-11/plugins:/usr/lib/x86_64-linux-gnu/gazebo-11/plugins:/usr/lib/x86_64-linux-gnu/gazebo-11/plugins /usr/bin/cmake --build /home/acalvo/turtlebot3_ws/build/turtlebot3_fake_node -- -j2 -l2
[0.101s] -- Found ament_cmake: 1.3.11 (/opt/ros/humble/share/ament_cmake/cmake)
[0.283s] -- Override CMake install command with custom implementation using symlinks instead of copying resources
[0.295s] -- Found geometry_msgs: 4.2.4 (/opt/ros/humble/share/geometry_msgs/cmake)
[0.386s] -- Found rosidl_generator_c: 3.1.6 (/opt/ros/humble/share/rosidl_generator_c/cmake)
[0.394s] -- Found rosidl_adapter: 3.1.6 (/opt/ros/humble/share/rosidl_adapter/cmake)
[0.422s] -- Found rosidl_generator_cpp: 3.1.6 (/opt/ros/humble/share/rosidl_generator_cpp/cmake)
[0.469s] -- Using all available rosidl_typesupport_c: rosidl_typesupport_fastrtps_c;rosidl_typesupport_introspection_c
[0.509s] -- Using all available rosidl_typesupport_cpp: rosidl_typesupport_fastrtps_cpp;rosidl_typesupport_introspection_cpp
[0.601s] -- Found nav_msgs: 4.2.4 (/opt/ros/humble/share/nav_msgs/cmake)
[0.662s] -- Found rclcpp: 16.0.11 (/opt/ros/humble/share/rclcpp/cmake)
[0.791s] -- Found rmw_implementation_cmake: 6.1.2 (/opt/ros/humble/share/rmw_implementation_cmake/cmake)
[0.802s] -- Found rmw_fastrtps_cpp: 6.2.7 (/opt/ros/humble/share/rmw_fastrtps_cpp/cmake)
[1.192s] -- Using RMW implementation 'rmw_fastrtps_cpp' as default
[1.333s] -- Found sensor_msgs: 4.2.4 (/opt/ros/humble/share/sensor_msgs/cmake)
[1.387s] -- Found tf2: 0.25.12 (/opt/ros/humble/share/tf2/cmake)
[1.401s] -- Found tf2_msgs: 0.25.12 (/opt/ros/humble/share/tf2_msgs/cmake)
[1.516s] -- Found turtlebot3_msgs: 2.3.0 (/home/acalvo/turtlebot3_ws/install/turtlebot3_msgs/share/turtlebot3_msgs/cmake)
[1.706s] -- Configuring done
[1.782s] -- Generating done
[1.797s] -- Build files have been written to: /home/acalvo/turtlebot3_ws/build/turtlebot3_fake_node
[1.875s] [35m[1mConsolidate compiler generated dependencies of target turtlebot3_fake_node[0m
[1.900s] [ 50%] [32mBuilding CXX object CMakeFiles/turtlebot3_fake_node.dir/src/turtlebot3_fake_node.cpp.o[0m
[12.769s] [100%] [32m[1mLinking CXX executable turtlebot3_fake_node[0m
[13.378s] [100%] Built target turtlebot3_fake_node
[13.412s] Invoked command in '/home/acalvo/turtlebot3_ws/build/turtlebot3_fake_node' returned '0': CMAKE_PREFIX_PATH=/home/acalvo/turtlebot3_ws/install/turtlebot3_msgs:/home/acalvo/turtlebot3_ws/install/turtlebot3_simulations:/home/acalvo/turtlebot3_ws/install/turtlebot3_fake_node:/home/acalvo/turtlebot3_ws/install/turtlebot3_gazebo:/home/acalvo/turtlebot3_ws/install/turtlebot3:/home/acalvo/turtlebot3_ws/install/turtlebot3_bringup:/home/acalvo/turtlebot3_ws/install/turtlebot3_node:/home/acalvo/turtlebot3_ws/install/turtlebot3_navigation2:/home/acalvo/turtlebot3_ws/install/turtlebot3_description:/home/acalvo/turtlebot3_ws/install/turtlebot3_cartographer:/home/acalvo/turtlebot3_ws/install/dynamixel_sdk_examples:/home/acalvo/turtlebot3_ws/install/dynamixel_sdk_custom_interfaces:/home/acalvo/turtlebot3_ws/install/dynamixel_sdk:/home/acalvo/turtlebot3_ws/install/turtlebot3_teleop:/home/acalvo/turtlebot3_ws/install/turtlebot3_example:/opt/ros/humble LD_LIBRARY_PATH=/home/acalvo/turtlebot3_ws/install/turtlebot3_msgs/lib:/home/acalvo/turtlebot3_ws/install/dynamixel_sdk_custom_interfaces/lib:/home/acalvo/turtlebot3_ws/install/dynamixel_sdk/lib:/usr/lib/x86_64-linux-gnu/gazebo-11/plugins:/opt/ros/humble/opt/rviz_ogre_vendor/lib:/opt/ros/humble/lib/x86_64-linux-gnu:/opt/ros/humble/lib:/usr/lib/x86_64-linux-gnu/gazebo-11/plugins:/usr/lib/x86_64-linux-gnu/gazebo-11/plugins:/usr/lib/x86_64-linux-gnu/gazebo-11/plugins:/usr/lib/x86_64-linux-gnu/gazebo-11/plugins:/usr/lib/x86_64-linux-gnu/gazebo-11/plugins:/usr/lib/x86_64-linux-gnu/gazebo-11/plugins:/usr/lib/x86_64-linux-gnu/gazebo-11/plugins:/usr/lib/x86_64-linux-gnu/gazebo-11/plugins:/usr/lib/x86_64-linux-gnu/gazebo-11/plugins:/usr/lib/x86_64-linux-gnu/gazebo-11/plugins /usr/bin/cmake --build /home/acalvo/turtlebot3_ws/build/turtlebot3_fake_node -- -j2 -l2
[13.422s] Invoking command in '/home/acalvo/turtlebot3_ws/build/turtlebot3_fake_node': CMAKE_PREFIX_PATH=/home/acalvo/turtlebot3_ws/install/turtlebot3_msgs:/home/acalvo/turtlebot3_ws/install/turtlebot3_simulations:/home/acalvo/turtlebot3_ws/install/turtlebot3_fake_node:/home/acalvo/turtlebot3_ws/install/turtlebot3_gazebo:/home/acalvo/turtlebot3_ws/install/turtlebot3:/home/acalvo/turtlebot3_ws/install/turtlebot3_bringup:/home/acalvo/turtlebot3_ws/install/turtlebot3_node:/home/acalvo/turtlebot3_ws/install/turtlebot3_navigation2:/home/acalvo/turtlebot3_ws/install/turtlebot3_description:/home/acalvo/turtlebot3_ws/install/turtlebot3_cartographer:/home/acalvo/turtlebot3_ws/install/dynamixel_sdk_examples:/home/acalvo/turtlebot3_ws/install/dynamixel_sdk_custom_interfaces:/home/acalvo/turtlebot3_ws/install/dynamixel_sdk:/home/acalvo/turtlebot3_ws/install/turtlebot3_teleop:/home/acalvo/turtlebot3_ws/install/turtlebot3_example:/opt/ros/humble LD_LIBRARY_PATH=/home/acalvo/turtlebot3_ws/install/turtlebot3_msgs/lib:/home/acalvo/turtlebot3_ws/install/dynamixel_sdk_custom_interfaces/lib:/home/acalvo/turtlebot3_ws/install/dynamixel_sdk/lib:/usr/lib/x86_64-linux-gnu/gazebo-11/plugins:/opt/ros/humble/opt/rviz_ogre_vendor/lib:/opt/ros/humble/lib/x86_64-linux-gnu:/opt/ros/humble/lib:/usr/lib/x86_64-linux-gnu/gazebo-11/plugins:/usr/lib/x86_64-linux-gnu/gazebo-11/plugins:/usr/lib/x86_64-linux-gnu/gazebo-11/plugins:/usr/lib/x86_64-linux-gnu/gazebo-11/plugins:/usr/lib/x86_64-linux-gnu/gazebo-11/plugins:/usr/lib/x86_64-linux-gnu/gazebo-11/plugins:/usr/lib/x86_64-linux-gnu/gazebo-11/plugins:/usr/lib/x86_64-linux-gnu/gazebo-11/plugins:/usr/lib/x86_64-linux-gnu/gazebo-11/plugins:/usr/lib/x86_64-linux-gnu/gazebo-11/plugins /usr/bin/cmake --install /home/acalvo/turtlebot3_ws/build/turtlebot3_fake_node
[13.431s] -- Install configuration: ""
[13.431s] -- Execute custom install script
[13.431s] -- Up-to-date symlink: /home/acalvo/turtlebot3_ws/install/turtlebot3_fake_node/lib/turtlebot3_fake_node/turtlebot3_fake_node
[13.434s] -- Up-to-date symlink: /home/acalvo/turtlebot3_ws/install/turtlebot3_fake_node/share/turtlebot3_fake_node/launch/rviz2.launch.py
[13.435s] -- Up-to-date symlink: /home/acalvo/turtlebot3_ws/install/turtlebot3_fake_node/share/turtlebot3_fake_node/launch/turtlebot3_fake_node.launch.py
[13.438s] -- Up-to-date symlink: /home/acalvo/turtlebot3_ws/install/turtlebot3_fake_node/share/turtlebot3_fake_node/param/burger.yaml
[13.438s] -- Up-to-date symlink: /home/acalvo/turtlebot3_ws/install/turtlebot3_fake_node/share/turtlebot3_fake_node/param/waffle.yaml
[13.441s] -- Up-to-date symlink: /home/acalvo/turtlebot3_ws/install/turtlebot3_fake_node/share/turtlebot3_fake_node/param/waffle_pi.yaml
[13.442s] -- Up-to-date symlink: /home/acalvo/turtlebot3_ws/install/turtlebot3_fake_node/include//turtlebot3_fake_node/turtlebot3_fake_node.hpp
[13.443s] -- Up-to-date symlink: /home/acalvo/turtlebot3_ws/install/turtlebot3_fake_node/share/ament_index/resource_index/package_run_dependencies/turtlebot3_fake_node
[13.446s] -- Up-to-date symlink: /home/acalvo/turtlebot3_ws/install/turtlebot3_fake_node/share/ament_index/resource_index/parent_prefix_path/turtlebot3_fake_node
[13.447s] -- Up-to-date symlink: /home/acalvo/turtlebot3_ws/install/turtlebot3_fake_node/share/turtlebot3_fake_node/environment/ament_prefix_path.sh
[13.449s] -- Up-to-date symlink: /home/acalvo/turtlebot3_ws/install/turtlebot3_fake_node/share/turtlebot3_fake_node/environment/ament_prefix_path.dsv
[13.450s] -- Up-to-date symlink: /home/acalvo/turtlebot3_ws/install/turtlebot3_fake_node/share/turtlebot3_fake_node/environment/path.sh
[13.451s] -- Up-to-date symlink: /home/acalvo/turtlebot3_ws/install/turtlebot3_fake_node/share/turtlebot3_fake_node/environment/path.dsv
[13.453s] -- Up-to-date symlink: /home/acalvo/turtlebot3_ws/install/turtlebot3_fake_node/share/turtlebot3_fake_node/local_setup.bash
[13.454s] -- Up-to-date symlink: /home/acalvo/turtlebot3_ws/install/turtlebot3_fake_node/share/turtlebot3_fake_node/local_setup.sh
[13.456s] -- Up-to-date symlink: /home/acalvo/turtlebot3_ws/install/turtlebot3_fake_node/share/turtlebot3_fake_node/local_setup.zsh
[13.457s] -- Up-to-date symlink: /home/acalvo/turtlebot3_ws/install/turtlebot3_fake_node/share/turtlebot3_fake_node/local_setup.dsv
[13.457s] -- Symlinking: /home/acalvo/turtlebot3_ws/install/turtlebot3_fake_node/share/turtlebot3_fake_node/package.dsv
[13.470s] -- Up-to-date symlink: /home/acalvo/turtlebot3_ws/install/turtlebot3_fake_node/share/ament_index/resource_index/packages/turtlebot3_fake_node
[13.472s] -- Up-to-date symlink: /home/acalvo/turtlebot3_ws/install/turtlebot3_fake_node/share/turtlebot3_fake_node/cmake/ament_cmake_export_include_directories-extras.cmake
[13.474s] -- Up-to-date symlink: /home/acalvo/turtlebot3_ws/install/turtlebot3_fake_node/share/turtlebot3_fake_node/cmake/ament_cmake_export_dependencies-extras.cmake
[13.474s] -- Up-to-date symlink: /home/acalvo/turtlebot3_ws/install/turtlebot3_fake_node/share/turtlebot3_fake_node/cmake/turtlebot3_fake_nodeConfig.cmake
[13.476s] -- Up-to-date symlink: /home/acalvo/turtlebot3_ws/install/turtlebot3_fake_node/share/turtlebot3_fake_node/cmake/turtlebot3_fake_nodeConfig-version.cmake
[13.477s] -- Up-to-date symlink: /home/acalvo/turtlebot3_ws/install/turtlebot3_fake_node/share/turtlebot3_fake_node/package.xml
[13.481s] Invoked command in '/home/acalvo/turtlebot3_ws/build/turtlebot3_fake_node' returned '0': CMAKE_PREFIX_PATH=/home/acalvo/turtlebot3_ws/install/turtlebot3_msgs:/home/acalvo/turtlebot3_ws/install/turtlebot3_simulations:/home/acalvo/turtlebot3_ws/install/turtlebot3_fake_node:/home/acalvo/turtlebot3_ws/install/turtlebot3_gazebo:/home/acalvo/turtlebot3_ws/install/turtlebot3:/home/acalvo/turtlebot3_ws/install/turtlebot3_bringup:/home/acalvo/turtlebot3_ws/install/turtlebot3_node:/home/acalvo/turtlebot3_ws/install/turtlebot3_navigation2:/home/acalvo/turtlebot3_ws/install/turtlebot3_description:/home/acalvo/turtlebot3_ws/install/turtlebot3_cartographer:/home/acalvo/turtlebot3_ws/install/dynamixel_sdk_examples:/home/acalvo/turtlebot3_ws/install/dynamixel_sdk_custom_interfaces:/home/acalvo/turtlebot3_ws/install/dynamixel_sdk:/home/acalvo/turtlebot3_ws/install/turtlebot3_teleop:/home/acalvo/turtlebot3_ws/install/turtlebot3_example:/opt/ros/humble LD_LIBRARY_PATH=/home/acalvo/turtlebot3_ws/install/turtlebot3_msgs/lib:/home/acalvo/turtlebot3_ws/install/dynamixel_sdk_custom_interfaces/lib:/home/acalvo/turtlebot3_ws/install/dynamixel_sdk/lib:/usr/lib/x86_64-linux-gnu/gazebo-11/plugins:/opt/ros/humble/opt/rviz_ogre_vendor/lib:/opt/ros/humble/lib/x86_64-linux-gnu:/opt/ros/humble/lib:/usr/lib/x86_64-linux-gnu/gazebo-11/plugins:/usr/lib/x86_64-linux-gnu/gazebo-11/plugins:/usr/lib/x86_64-linux-gnu/gazebo-11/plugins:/usr/lib/x86_64-linux-gnu/gazebo-11/plugins:/usr/lib/x86_64-linux-gnu/gazebo-11/plugins:/usr/lib/x86_64-linux-gnu/gazebo-11/plugins:/usr/lib/x86_64-linux-gnu/gazebo-11/plugins:/usr/lib/x86_64-linux-gnu/gazebo-11/plugins:/usr/lib/x86_64-linux-gnu/gazebo-11/plugins:/usr/lib/x86_64-linux-gnu/gazebo-11/plugins /usr/bin/cmake --install /home/acalvo/turtlebot3_ws/build/turtlebot3_fake_node
