[0.059s] Invoking command in '/home/acalvo/turtlebot3_ws/build/turtlebot3_gazebo': CMAKE_PREFIX_PATH=${CMAKE_PREFIX_PATH}:/home/acalvo/turtlebot3_ws/install/turtlebot3_teleop:/home/acalvo/turtlebot3_ws/install/turtlebot3_example:/opt/ros/humble /usr/bin/cmake /home/acalvo/turtlebot3_ws/src/turtlebot3_simulations/turtlebot3_gazebo -DAMENT_CMAKE_SYMLINK_INSTALL=1 -DCMAKE_INSTALL_PREFIX=/home/acalvo/turtlebot3_ws/install/turtlebot3_gazebo
[0.161s] -- The C compiler identification is GNU 11.4.0
[0.254s] -- The CXX compiler identification is GNU 11.4.0
[0.262s] -- Detecting C compiler ABI info
[0.577s] -- Detecting C compiler ABI info - done
[0.587s] -- Check for working C compiler: /usr/bin/cc - skipped
[0.588s] -- Detecting C compile features
[0.588s] -- Detecting C compile features - done
[0.595s] -- Detecting CXX compiler ABI info
[0.721s] -- Detecting CXX compiler ABI info - done
[0.729s] -- Check for working CXX compiler: /usr/bin/c++ - skipped
[0.729s] -- Detecting CXX compile features
[0.864s] -- Detecting CXX compile features - done
[0.869s] -- Found ament_cmake: 1.3.11 (/opt/ros/humble/share/ament_cmake/cmake)
[0.916s] -- Found Python3: /usr/bin/python3 (found version "3.10.12") found components: Interpreter 
[1.034s] -- Override CMake install command with custom implementation using symlinks instead of copying resources
[1.124s] [33mCMake Warning (dev) at /usr/share/cmake-3.22/Modules/FindPackageHandleStandardArgs.cmake:438 (message):
[1.124s]   The package name passed to `find_package_handle_standard_args` (PkgConfig)
[1.124s]   does not match the name of the calling package (gazebo).  This can lead to
[1.124s]   problems in calling code that expects `find_package` result variables
[1.124s]   (e.g., `_FOUND`) to follow a certain pattern.
[1.124s] Call Stack (most recent call first):
[1.124s]   /usr/share/cmake-3.22/Modules/FindPkgConfig.cmake:99 (find_package_handle_standard_args)
[1.124s]   /usr/lib/x86_64-linux-gnu/cmake/gazebo/gazebo-config.cmake:72 (include)
[1.124s]   CMakeLists.txt:23 (find_package)
[1.124s] This warning is for project developers.  Use -Wno-dev to suppress it.
[1.124s] [0m
[1.124s] -- Found PkgConfig: /usr/bin/pkg-config (found version "0.29.2") 
[1.135s] -- Checking for module 'bullet>=2.82'
[1.165s] --   Found bullet, version 3.05
[1.435s] -- Found fcl: /usr/include (found suitable version "0.7.0", minimum required is "0.5.0") 
[1.577s] -- Found assimp: /usr/include (found version "5.2.0") 
[1.672s] -- Found DART: /usr/include (Required is at least version "6.6") found components: dart 
[2.260s] -- Found Boost: /usr/lib/x86_64-linux-gnu/cmake/Boost-1.74.0/BoostConfig.cmake (found suitable version "1.74.0", minimum required is "1.40.0") found components: thread system filesystem program_options regex iostreams date_time 
[2.317s] -- Found Protobuf: /usr/lib/x86_64-linux-gnu/libprotobuf.so (found version "3.12.4") 
[2.333s] -- Looking for ignition-math6 -- found version 6.15.1
[2.358s] -- Searching for dependencies of ignition-math6
[2.363s] -- Looking for OGRE...
[2.363s] -- OGRE_PREFIX_WATCH changed.
[2.368s] -- Checking for module 'OGRE'
[2.382s] --   Found OGRE, version 1.9.0
[2.446s] -- Found Ogre Ghadamon (1.9.0)
[2.466s] -- Found OGRE: optimized;/usr/lib/x86_64-linux-gnu/libOgreMain.so;debug;/usr/lib/x86_64-linux-gnu/libOgreMain.so
[2.466s] -- Looking for OGRE_Paging...
[2.475s] -- Found OGRE_Paging: optimized;/usr/lib/x86_64-linux-gnu/libOgrePaging.so;debug;/usr/lib/x86_64-linux-gnu/libOgrePaging.so
[2.476s] -- Looking for OGRE_Terrain...
[2.487s] -- Found OGRE_Terrain: optimized;/usr/lib/x86_64-linux-gnu/libOgreTerrain.so;debug;/usr/lib/x86_64-linux-gnu/libOgreTerrain.so
[2.487s] -- Looking for OGRE_Property...
[2.496s] -- Found OGRE_Property: optimized;/usr/lib/x86_64-linux-gnu/libOgreProperty.so;debug;/usr/lib/x86_64-linux-gnu/libOgreProperty.so
[2.498s] -- Looking for OGRE_RTShaderSystem...
[2.506s] -- Found OGRE_RTShaderSystem: optimized;/usr/lib/x86_64-linux-gnu/libOgreRTShaderSystem.so;debug;/usr/lib/x86_64-linux-gnu/libOgreRTShaderSystem.so
[2.507s] -- Looking for OGRE_Volume...
[2.527s] -- Found OGRE_Volume: optimized;/usr/lib/x86_64-linux-gnu/libOgreVolume.so;debug;/usr/lib/x86_64-linux-gnu/libOgreVolume.so
[2.528s] -- Looking for OGRE_Overlay...
[2.535s] -- Found OGRE_Overlay: optimized;/usr/lib/x86_64-linux-gnu/libOgreOverlay.so;debug;/usr/lib/x86_64-linux-gnu/libOgreOverlay.so
[2.675s] -- Looking for ignition-math6 -- found version 6.15.1
[2.680s] -- Looking for ignition-transport8 -- found version 8.2.1
[2.681s] -- Searching for dependencies of ignition-transport8
[2.773s] -- Found Protobuf: /usr/lib/x86_64-linux-gnu/libprotobuf.so (found suitable version "3.12.4", minimum required is "3") 
[2.792s] -- Config-file not installed for ZeroMQ -- checking for pkg-config
[2.807s] -- Checking for module 'libzmq >= 4'
[2.852s] --   Found libzmq , version 4.3.4
[2.907s] -- Found ZeroMQ: TRUE (Required is at least version "4") 
[2.916s] -- Checking for module 'uuid'
[3.159s] --   Found uuid, version 2.37.2
[3.264s] -- Found UUID: TRUE  
[3.269s] -- Looking for ignition-msgs5 -- found version 5.8.1
[3.270s] -- Searching for dependencies of ignition-msgs5
[3.289s] -- Looking for ignition-math6 -- found version 6.15.1
[3.299s] -- Checking for module 'tinyxml2'
[3.337s] --   Found tinyxml2, version 9.0.0
[3.412s] -- Looking for ignition-msgs5 -- found version 5.8.1
[3.422s] -- Looking for ignition-common3 -- found version 3.14.0
[3.422s] -- Searching for dependencies of ignition-common3
[3.424s] -- Looking for dlfcn.h - found
[3.425s] -- Looking for libdl - found
[3.426s] -- Found DL: TRUE  
[3.443s] -- Found tinyobjloader: /usr/lib/x86_64-linux-gnu/cmake/tinyobjloader/tinyobjloader-config.cmake (found version "2.0.0") 
[3.450s] -- Searching for <ignition-common3> component [graphics]
[3.453s] -- Looking for ignition-common3-graphics -- found version 3.14.0
[3.453s] -- Searching for dependencies of ignition-common3-graphics
[3.454s] -- Looking for ignition-math6 -- found version 6.15.1
[3.461s] -- Looking for ignition-fuel_tools4 -- found version 4.4.0
[3.461s] -- Searching for dependencies of ignition-fuel_tools4
[3.687s] -- Found CURL: /usr/lib/x86_64-linux-gnu/libcurl.so (found version "7.81.0")  
[3.726s] -- Checking for module 'jsoncpp'
[3.744s] --   Found jsoncpp, version 1.9.5
[3.795s] -- Found JSONCPP: TRUE  
[3.817s] -- Checking for module 'libzip'
[3.845s] --   Found libzip, version 1.7.3
[3.895s] -- Found ZIP: TRUE  
[3.898s] -- Looking for ignition-common3 -- found version 3.14.0
[3.898s] -- Looking for ignition-math6 -- found version 6.15.1
[3.898s] -- Looking for ignition-msgs5 -- found version 5.8.1
[3.928s] -- Found gazebo_ros_pkgs: 3.9.0 (/opt/ros/humble/share/gazebo_ros_pkgs/cmake)
[3.928s] -- Found geometry_msgs: 4.2.4 (/opt/ros/humble/share/geometry_msgs/cmake)
[4.024s] -- Found rosidl_generator_c: 3.1.6 (/opt/ros/humble/share/rosidl_generator_c/cmake)
[4.038s] -- Found rosidl_adapter: 3.1.6 (/opt/ros/humble/share/rosidl_adapter/cmake)
[4.066s] -- Found rosidl_generator_cpp: 3.1.6 (/opt/ros/humble/share/rosidl_generator_cpp/cmake)
[4.140s] -- Using all available rosidl_typesupport_c: rosidl_typesupport_fastrtps_c;rosidl_typesupport_introspection_c
[4.186s] -- Using all available rosidl_typesupport_cpp: rosidl_typesupport_fastrtps_cpp;rosidl_typesupport_introspection_cpp
[4.331s] -- Found nav_msgs: 4.2.4 (/opt/ros/humble/share/nav_msgs/cmake)
[4.377s] -- Found rclcpp: 16.0.11 (/opt/ros/humble/share/rclcpp/cmake)
[4.501s] -- Found rmw_implementation_cmake: 6.1.2 (/opt/ros/humble/share/rmw_implementation_cmake/cmake)
[4.512s] -- Found rmw_fastrtps_cpp: 6.2.7 (/opt/ros/humble/share/rmw_fastrtps_cpp/cmake)
[4.719s] -- Found OpenSSL: /usr/lib/x86_64-linux-gnu/libcrypto.so (found version "3.0.2")  
[4.767s] -- Found FastRTPS: /opt/ros/humble/include  
[4.820s] -- Using RMW implementation 'rmw_fastrtps_cpp' as default
[4.845s] -- Found Threads: TRUE  
[4.958s] -- Found sensor_msgs: 4.2.4 (/opt/ros/humble/share/sensor_msgs/cmake)
[5.004s] -- Found tf2: 0.25.12 (/opt/ros/humble/share/tf2/cmake)
[5.120s] -- Configuring done
[5.260s] -- Generating done
[5.267s] -- Build files have been written to: /home/acalvo/turtlebot3_ws/build/turtlebot3_gazebo
[5.280s] Invoked command in '/home/acalvo/turtlebot3_ws/build/turtlebot3_gazebo' returned '0': CMAKE_PREFIX_PATH=${CMAKE_PREFIX_PATH}:/home/acalvo/turtlebot3_ws/install/turtlebot3_teleop:/home/acalvo/turtlebot3_ws/install/turtlebot3_example:/opt/ros/humble /usr/bin/cmake /home/acalvo/turtlebot3_ws/src/turtlebot3_simulations/turtlebot3_gazebo -DAMENT_CMAKE_SYMLINK_INSTALL=1 -DCMAKE_INSTALL_PREFIX=/home/acalvo/turtlebot3_ws/install/turtlebot3_gazebo
[5.281s] Invoking command in '/home/acalvo/turtlebot3_ws/build/turtlebot3_gazebo': CMAKE_PREFIX_PATH=${CMAKE_PREFIX_PATH}:/home/acalvo/turtlebot3_ws/install/turtlebot3_teleop:/home/acalvo/turtlebot3_ws/install/turtlebot3_example:/opt/ros/humble /usr/bin/cmake --build /home/acalvo/turtlebot3_ws/build/turtlebot3_gazebo -- -j2 -l2
[5.385s] [ 12%] [32mBuilding CXX object CMakeFiles/turtlebot3_drive.dir/src/turtlebot3_drive.cpp.o[0m
[5.399s] [ 25%] [32mBuilding CXX object CMakeFiles/obstacle1.dir/models/turtlebot3_dqn_world/obstacle_plugin/obstacle1.cc.o[0m
[20.950s] [ 37%] [32m[1mLinking CXX executable turtlebot3_drive[0m
[21.706s] [ 37%] Built target turtlebot3_drive
[21.785s] [ 50%] [32mBuilding CXX object CMakeFiles/obstacle2.dir/models/turtlebot3_dqn_world/obstacle_plugin/obstacle2.cc.o[0m
[29.882s] [ 62%] [32m[1mLinking CXX shared library libobstacle1.so[0m
[30.387s] [ 62%] Built target obstacle1
[30.421s] [ 75%] [32mBuilding CXX object CMakeFiles/obstacles.dir/models/turtlebot3_dqn_world/obstacle_plugin/obstacles.cc.o[0m
[33.197s] [ 87%] [32m[1mLinking CXX shared library libobstacle2.so[0m
[39.658s] [ 87%] Built target obstacle2
[40.483s] [100%] [32m[1mLinking CXX shared library libobstacles.so[0m
[40.683s] [100%] Built target obstacles
[40.701s] Invoked command in '/home/acalvo/turtlebot3_ws/build/turtlebot3_gazebo' returned '0': CMAKE_PREFIX_PATH=${CMAKE_PREFIX_PATH}:/home/acalvo/turtlebot3_ws/install/turtlebot3_teleop:/home/acalvo/turtlebot3_ws/install/turtlebot3_example:/opt/ros/humble /usr/bin/cmake --build /home/acalvo/turtlebot3_ws/build/turtlebot3_gazebo -- -j2 -l2
[40.701s] Invoking command in '/home/acalvo/turtlebot3_ws/build/turtlebot3_gazebo': CMAKE_PREFIX_PATH=${CMAKE_PREFIX_PATH}:/home/acalvo/turtlebot3_ws/install/turtlebot3_teleop:/home/acalvo/turtlebot3_ws/install/turtlebot3_example:/opt/ros/humble /usr/bin/cmake --install /home/acalvo/turtlebot3_ws/build/turtlebot3_gazebo
[40.717s] -- Install configuration: ""
[40.719s] -- Execute custom install script
[40.719s] -- Symlinking: /home/acalvo/turtlebot3_ws/install/turtlebot3_gazebo/lib/turtlebot3_gazebo/turtlebot3_drive
[40.731s] -- Symlinking: /home/acalvo/turtlebot3_ws/install/turtlebot3_gazebo/share/turtlebot3_gazebo//launch/empty_world.launch.py
[40.743s] -- Symlinking: /home/acalvo/turtlebot3_ws/install/turtlebot3_gazebo/share/turtlebot3_gazebo//launch/robot_state_publisher.launch.py
[40.753s] -- Symlinking: /home/acalvo/turtlebot3_ws/install/turtlebot3_gazebo/share/turtlebot3_gazebo//launch/spawn_turtlebot3.launch.py
[40.763s] -- Symlinking: /home/acalvo/turtlebot3_ws/install/turtlebot3_gazebo/share/turtlebot3_gazebo//launch/turtlebot3_dqn_stage1.launch.py
[40.775s] -- Symlinking: /home/acalvo/turtlebot3_ws/install/turtlebot3_gazebo/share/turtlebot3_gazebo//launch/turtlebot3_dqn_stage2.launch.py
[40.785s] -- Symlinking: /home/acalvo/turtlebot3_ws/install/turtlebot3_gazebo/share/turtlebot3_gazebo//launch/turtlebot3_dqn_stage3.launch.py
[40.795s] -- Symlinking: /home/acalvo/turtlebot3_ws/install/turtlebot3_gazebo/share/turtlebot3_gazebo//launch/turtlebot3_dqn_stage4.launch.py
[40.812s] -- Symlinking: /home/acalvo/turtlebot3_ws/install/turtlebot3_gazebo/share/turtlebot3_gazebo//launch/turtlebot3_house.launch.py
[40.824s] -- Symlinking: /home/acalvo/turtlebot3_ws/install/turtlebot3_gazebo/share/turtlebot3_gazebo//launch/turtlebot3_world.launch.py
[40.835s] -- Symlinking: /home/acalvo/turtlebot3_ws/install/turtlebot3_gazebo/share/turtlebot3_gazebo//models/turtlebot3_burger/model-1_4.sdf
[40.846s] -- Symlinking: /home/acalvo/turtlebot3_ws/install/turtlebot3_gazebo/share/turtlebot3_gazebo//models/turtlebot3_burger/model.config
[40.856s] -- Symlinking: /home/acalvo/turtlebot3_ws/install/turtlebot3_gazebo/share/turtlebot3_gazebo//models/turtlebot3_burger/model.sdf
[40.867s] -- Symlinking: /home/acalvo/turtlebot3_ws/install/turtlebot3_gazebo/share/turtlebot3_gazebo//models/turtlebot3_common/meshes/burger_base.dae
[40.877s] -- Symlinking: /home/acalvo/turtlebot3_ws/install/turtlebot3_gazebo/share/turtlebot3_gazebo//models/turtlebot3_common/meshes/lds.dae
[40.888s] -- Symlinking: /home/acalvo/turtlebot3_ws/install/turtlebot3_gazebo/share/turtlebot3_gazebo//models/turtlebot3_common/meshes/r200.dae
[40.898s] -- Symlinking: /home/acalvo/turtlebot3_ws/install/turtlebot3_gazebo/share/turtlebot3_gazebo//models/turtlebot3_common/meshes/tire.dae
[40.908s] -- Symlinking: /home/acalvo/turtlebot3_ws/install/turtlebot3_gazebo/share/turtlebot3_gazebo//models/turtlebot3_common/meshes/waffle_base.dae
[40.921s] -- Symlinking: /home/acalvo/turtlebot3_ws/install/turtlebot3_gazebo/share/turtlebot3_gazebo//models/turtlebot3_common/meshes/waffle_pi_base.dae
[40.936s] -- Symlinking: /home/acalvo/turtlebot3_ws/install/turtlebot3_gazebo/share/turtlebot3_gazebo//models/turtlebot3_common/model.config
[40.946s] -- Symlinking: /home/acalvo/turtlebot3_ws/install/turtlebot3_gazebo/share/turtlebot3_gazebo//models/turtlebot3_dqn_world/goal_box/model.config
[40.956s] -- Symlinking: /home/acalvo/turtlebot3_ws/install/turtlebot3_gazebo/share/turtlebot3_gazebo//models/turtlebot3_dqn_world/goal_box/model.sdf
[40.966s] -- Symlinking: /home/acalvo/turtlebot3_ws/install/turtlebot3_gazebo/share/turtlebot3_gazebo//models/turtlebot3_dqn_world/inner_walls/model.config
[40.976s] -- Symlinking: /home/acalvo/turtlebot3_ws/install/turtlebot3_gazebo/share/turtlebot3_gazebo//models/turtlebot3_dqn_world/inner_walls/model.sdf
[40.985s] -- Symlinking: /home/acalvo/turtlebot3_ws/install/turtlebot3_gazebo/share/turtlebot3_gazebo//models/turtlebot3_dqn_world/model.config
[40.995s] -- Symlinking: /home/acalvo/turtlebot3_ws/install/turtlebot3_gazebo/share/turtlebot3_gazebo//models/turtlebot3_dqn_world/model.sdf
[41.006s] -- Symlinking: /home/acalvo/turtlebot3_ws/install/turtlebot3_gazebo/share/turtlebot3_gazebo//models/turtlebot3_dqn_world/obstacle1/model.config
[41.024s] -- Symlinking: /home/acalvo/turtlebot3_ws/install/turtlebot3_gazebo/share/turtlebot3_gazebo//models/turtlebot3_dqn_world/obstacle1/model.sdf
[41.037s] -- Symlinking: /home/acalvo/turtlebot3_ws/install/turtlebot3_gazebo/share/turtlebot3_gazebo//models/turtlebot3_dqn_world/obstacle2/model.config
[41.046s] -- Symlinking: /home/acalvo/turtlebot3_ws/install/turtlebot3_gazebo/share/turtlebot3_gazebo//models/turtlebot3_dqn_world/obstacle2/model.sdf
[41.057s] -- Symlinking: /home/acalvo/turtlebot3_ws/install/turtlebot3_gazebo/share/turtlebot3_gazebo//models/turtlebot3_dqn_world/obstacle_plugin/CMakeLists.txt
[41.067s] -- Symlinking: /home/acalvo/turtlebot3_ws/install/turtlebot3_gazebo/share/turtlebot3_gazebo//models/turtlebot3_dqn_world/obstacle_plugin/obstacle1.cc
[41.078s] -- Symlinking: /home/acalvo/turtlebot3_ws/install/turtlebot3_gazebo/share/turtlebot3_gazebo//models/turtlebot3_dqn_world/obstacle_plugin/obstacle2.cc
[41.089s] -- Symlinking: /home/acalvo/turtlebot3_ws/install/turtlebot3_gazebo/share/turtlebot3_gazebo//models/turtlebot3_dqn_world/obstacle_plugin/obstacles.cc
[41.100s] -- Symlinking: /home/acalvo/turtlebot3_ws/install/turtlebot3_gazebo/share/turtlebot3_gazebo//models/turtlebot3_dqn_world/obstacles/model.config
[41.113s] -- Symlinking: /home/acalvo/turtlebot3_ws/install/turtlebot3_gazebo/share/turtlebot3_gazebo//models/turtlebot3_dqn_world/obstacles/model.sdf
[41.125s] -- Symlinking: /home/acalvo/turtlebot3_ws/install/turtlebot3_gazebo/share/turtlebot3_gazebo//models/turtlebot3_house/model.config
[41.136s] -- Symlinking: /home/acalvo/turtlebot3_ws/install/turtlebot3_gazebo/share/turtlebot3_gazebo//models/turtlebot3_house/model.sdf
[41.148s] -- Symlinking: /home/acalvo/turtlebot3_ws/install/turtlebot3_gazebo/share/turtlebot3_gazebo//models/turtlebot3_waffle/model-1_4.sdf
[41.159s] -- Symlinking: /home/acalvo/turtlebot3_ws/install/turtlebot3_gazebo/share/turtlebot3_gazebo//models/turtlebot3_waffle/model.config
[41.169s] -- Symlinking: /home/acalvo/turtlebot3_ws/install/turtlebot3_gazebo/share/turtlebot3_gazebo//models/turtlebot3_waffle/model.sdf
[41.179s] -- Symlinking: /home/acalvo/turtlebot3_ws/install/turtlebot3_gazebo/share/turtlebot3_gazebo//models/turtlebot3_waffle_pi/model-1_4_.sdf
[41.190s] -- Symlinking: /home/acalvo/turtlebot3_ws/install/turtlebot3_gazebo/share/turtlebot3_gazebo//models/turtlebot3_waffle_pi/model.config
[41.201s] -- Symlinking: /home/acalvo/turtlebot3_ws/install/turtlebot3_gazebo/share/turtlebot3_gazebo//models/turtlebot3_waffle_pi/model.sdf
[41.214s] -- Symlinking: /home/acalvo/turtlebot3_ws/install/turtlebot3_gazebo/share/turtlebot3_gazebo//models/turtlebot3_world/meshes/hexagon.dae
[41.227s] -- Symlinking: /home/acalvo/turtlebot3_ws/install/turtlebot3_gazebo/share/turtlebot3_gazebo//models/turtlebot3_world/meshes/wall.dae
[41.239s] -- Symlinking: /home/acalvo/turtlebot3_ws/install/turtlebot3_gazebo/share/turtlebot3_gazebo//models/turtlebot3_world/model-1_4.sdf
[41.250s] -- Symlinking: /home/acalvo/turtlebot3_ws/install/turtlebot3_gazebo/share/turtlebot3_gazebo//models/turtlebot3_world/model.config
[41.260s] -- Symlinking: /home/acalvo/turtlebot3_ws/install/turtlebot3_gazebo/share/turtlebot3_gazebo//models/turtlebot3_world/model.sdf
[41.270s] -- Symlinking: /home/acalvo/turtlebot3_ws/install/turtlebot3_gazebo/share/turtlebot3_gazebo//rviz/tb3_gazebo.rviz
[41.281s] -- Symlinking: /home/acalvo/turtlebot3_ws/install/turtlebot3_gazebo/share/turtlebot3_gazebo//urdf/common_properties.urdf
[41.292s] -- Symlinking: /home/acalvo/turtlebot3_ws/install/turtlebot3_gazebo/share/turtlebot3_gazebo//urdf/turtlebot3_burger.urdf
[41.302s] -- Symlinking: /home/acalvo/turtlebot3_ws/install/turtlebot3_gazebo/share/turtlebot3_gazebo//urdf/turtlebot3_waffle.urdf
[41.322s] -- Symlinking: /home/acalvo/turtlebot3_ws/install/turtlebot3_gazebo/share/turtlebot3_gazebo//urdf/turtlebot3_waffle_pi.urdf
[41.335s] -- Symlinking: /home/acalvo/turtlebot3_ws/install/turtlebot3_gazebo/share/turtlebot3_gazebo//worlds/empty_world.world
[41.347s] -- Symlinking: /home/acalvo/turtlebot3_ws/install/turtlebot3_gazebo/share/turtlebot3_gazebo//worlds/turtlebot3_dqn_stage1.world
[41.357s] -- Symlinking: /home/acalvo/turtlebot3_ws/install/turtlebot3_gazebo/share/turtlebot3_gazebo//worlds/turtlebot3_dqn_stage2.world
[41.370s] -- Symlinking: /home/acalvo/turtlebot3_ws/install/turtlebot3_gazebo/share/turtlebot3_gazebo//worlds/turtlebot3_dqn_stage3.world
[41.382s] -- Symlinking: /home/acalvo/turtlebot3_ws/install/turtlebot3_gazebo/share/turtlebot3_gazebo//worlds/turtlebot3_dqn_stage4.world
[41.393s] -- Symlinking: /home/acalvo/turtlebot3_ws/install/turtlebot3_gazebo/share/turtlebot3_gazebo//worlds/turtlebot3_house.world
[41.403s] -- Symlinking: /home/acalvo/turtlebot3_ws/install/turtlebot3_gazebo/share/turtlebot3_gazebo//worlds/turtlebot3_world.world
[41.426s] -- Symlinking: /home/acalvo/turtlebot3_ws/install/turtlebot3_gazebo/include//turtlebot3_gazebo/turtlebot3_drive.hpp
[41.438s] -- Symlinking: /home/acalvo/turtlebot3_ws/install/turtlebot3_gazebo/share/ament_index/resource_index/package_run_dependencies/turtlebot3_gazebo
[41.449s] -- Symlinking: /home/acalvo/turtlebot3_ws/install/turtlebot3_gazebo/share/ament_index/resource_index/parent_prefix_path/turtlebot3_gazebo
[41.459s] -- Symlinking: /home/acalvo/turtlebot3_ws/install/turtlebot3_gazebo/share/turtlebot3_gazebo/environment/ament_prefix_path.sh
[41.471s] -- Symlinking: /home/acalvo/turtlebot3_ws/install/turtlebot3_gazebo/share/turtlebot3_gazebo/environment/ament_prefix_path.dsv
[41.483s] -- Symlinking: /home/acalvo/turtlebot3_ws/install/turtlebot3_gazebo/share/turtlebot3_gazebo/environment/path.sh
[41.494s] -- Symlinking: /home/acalvo/turtlebot3_ws/install/turtlebot3_gazebo/share/turtlebot3_gazebo/environment/path.dsv
[41.506s] -- Symlinking: /home/acalvo/turtlebot3_ws/install/turtlebot3_gazebo/share/turtlebot3_gazebo/local_setup.bash
[41.526s] -- Symlinking: /home/acalvo/turtlebot3_ws/install/turtlebot3_gazebo/share/turtlebot3_gazebo/local_setup.sh
[41.541s] -- Symlinking: /home/acalvo/turtlebot3_ws/install/turtlebot3_gazebo/share/turtlebot3_gazebo/local_setup.zsh
[41.551s] -- Symlinking: /home/acalvo/turtlebot3_ws/install/turtlebot3_gazebo/share/turtlebot3_gazebo/local_setup.dsv
[41.563s] -- Symlinking: /home/acalvo/turtlebot3_ws/install/turtlebot3_gazebo/share/turtlebot3_gazebo/package.dsv
[41.574s] -- Symlinking: /home/acalvo/turtlebot3_ws/install/turtlebot3_gazebo/share/ament_index/resource_index/packages/turtlebot3_gazebo
[41.585s] -- Symlinking: /home/acalvo/turtlebot3_ws/install/turtlebot3_gazebo/share/turtlebot3_gazebo/cmake/ament_cmake_export_include_directories-extras.cmake
[41.596s] -- Symlinking: /home/acalvo/turtlebot3_ws/install/turtlebot3_gazebo/share/turtlebot3_gazebo/cmake/ament_cmake_export_dependencies-extras.cmake
[41.609s] -- Symlinking: /home/acalvo/turtlebot3_ws/install/turtlebot3_gazebo/share/turtlebot3_gazebo/cmake/turtlebot3_gazeboConfig.cmake
[41.629s] -- Symlinking: /home/acalvo/turtlebot3_ws/install/turtlebot3_gazebo/share/turtlebot3_gazebo/cmake/turtlebot3_gazeboConfig-version.cmake
[41.639s] -- Symlinking: /home/acalvo/turtlebot3_ws/install/turtlebot3_gazebo/share/turtlebot3_gazebo/package.xml
[41.652s] Invoked command in '/home/acalvo/turtlebot3_ws/build/turtlebot3_gazebo' returned '0': CMAKE_PREFIX_PATH=${CMAKE_PREFIX_PATH}:/home/acalvo/turtlebot3_ws/install/turtlebot3_teleop:/home/acalvo/turtlebot3_ws/install/turtlebot3_example:/opt/ros/humble /usr/bin/cmake --install /home/acalvo/turtlebot3_ws/build/turtlebot3_gazebo
