[0.041s] Invoking command in '/home/acalvo/turtlebot3_ws/build/turtlebot3_bringup': CMAKE_PREFIX_PATH=/home/acalvo/turtlebot3_ws/install/turtlebot3_node:/home/acalvo/turtlebot3_ws/install/turtlebot3_msgs:/home/acalvo/turtlebot3_ws/install/turtlebot3_description:/home/acalvo/turtlebot3_ws/install/dynamixel_sdk:/home/acalvo/turtlebot3_ws/install/turtlebot3:/home/acalvo/turtlebot3_ws/install/turtlebot3_bringup:/home/acalvo/turtlebot3_ws/install/turtlebot3_navigation2:/home/acalvo/turtlebot3_ws/install/turtlebot3_cartographer:/home/acalvo/turtlebot3_ws/install/dynamixel_sdk_examples:/home/acalvo/turtlebot3_ws/install/dynamixel_sdk_custom_interfaces:/home/acalvo/turtlebot3_ws/install/turtlebot3_teleop:/home/acalvo/turtlebot3_ws/install/turtlebot3_example:/opt/ros/humble LD_LIBRARY_PATH=/home/acalvo/turtlebot3_ws/install/turtlebot3_msgs/lib:/home/acalvo/turtlebot3_ws/install/dynamixel_sdk/lib:/home/acalvo/turtlebot3_ws/install/dynamixel_sdk_custom_interfaces/lib:/usr/lib/x86_64-linux-gnu/gazebo-11/plugins:/opt/ros/humble/opt/rviz_ogre_vendor/lib:/opt/ros/humble/lib/x86_64-linux-gnu:/opt/ros/humble/lib:/usr/lib/x86_64-linux-gnu/gazebo-11/plugins /usr/bin/cmake --build /home/acalvo/turtlebot3_ws/build/turtlebot3_bringup -- -j2 -l2
[0.810s] Invoked command in '/home/acalvo/turtlebot3_ws/build/turtlebot3_bringup' returned '0': CMAKE_PREFIX_PATH=/home/acalvo/turtlebot3_ws/install/turtlebot3_node:/home/acalvo/turtlebot3_ws/install/turtlebot3_msgs:/home/acalvo/turtlebot3_ws/install/turtlebot3_description:/home/acalvo/turtlebot3_ws/install/dynamixel_sdk:/home/acalvo/turtlebot3_ws/install/turtlebot3:/home/acalvo/turtlebot3_ws/install/turtlebot3_bringup:/home/acalvo/turtlebot3_ws/install/turtlebot3_navigation2:/home/acalvo/turtlebot3_ws/install/turtlebot3_cartographer:/home/acalvo/turtlebot3_ws/install/dynamixel_sdk_examples:/home/acalvo/turtlebot3_ws/install/dynamixel_sdk_custom_interfaces:/home/acalvo/turtlebot3_ws/install/turtlebot3_teleop:/home/acalvo/turtlebot3_ws/install/turtlebot3_example:/opt/ros/humble LD_LIBRARY_PATH=/home/acalvo/turtlebot3_ws/install/turtlebot3_msgs/lib:/home/acalvo/turtlebot3_ws/install/dynamixel_sdk/lib:/home/acalvo/turtlebot3_ws/install/dynamixel_sdk_custom_interfaces/lib:/usr/lib/x86_64-linux-gnu/gazebo-11/plugins:/opt/ros/humble/opt/rviz_ogre_vendor/lib:/opt/ros/humble/lib/x86_64-linux-gnu:/opt/ros/humble/lib:/usr/lib/x86_64-linux-gnu/gazebo-11/plugins /usr/bin/cmake --build /home/acalvo/turtlebot3_ws/build/turtlebot3_bringup -- -j2 -l2
[0.811s] Invoking command in '/home/acalvo/turtlebot3_ws/build/turtlebot3_bringup': CMAKE_PREFIX_PATH=/home/acalvo/turtlebot3_ws/install/turtlebot3_node:/home/acalvo/turtlebot3_ws/install/turtlebot3_msgs:/home/acalvo/turtlebot3_ws/install/turtlebot3_description:/home/acalvo/turtlebot3_ws/install/dynamixel_sdk:/home/acalvo/turtlebot3_ws/install/turtlebot3:/home/acalvo/turtlebot3_ws/install/turtlebot3_bringup:/home/acalvo/turtlebot3_ws/install/turtlebot3_navigation2:/home/acalvo/turtlebot3_ws/install/turtlebot3_cartographer:/home/acalvo/turtlebot3_ws/install/dynamixel_sdk_examples:/home/acalvo/turtlebot3_ws/install/dynamixel_sdk_custom_interfaces:/home/acalvo/turtlebot3_ws/install/turtlebot3_teleop:/home/acalvo/turtlebot3_ws/install/turtlebot3_example:/opt/ros/humble LD_LIBRARY_PATH=/home/acalvo/turtlebot3_ws/install/turtlebot3_msgs/lib:/home/acalvo/turtlebot3_ws/install/dynamixel_sdk/lib:/home/acalvo/turtlebot3_ws/install/dynamixel_sdk_custom_interfaces/lib:/usr/lib/x86_64-linux-gnu/gazebo-11/plugins:/opt/ros/humble/opt/rviz_ogre_vendor/lib:/opt/ros/humble/lib/x86_64-linux-gnu:/opt/ros/humble/lib:/usr/lib/x86_64-linux-gnu/gazebo-11/plugins /usr/bin/cmake --install /home/acalvo/turtlebot3_ws/build/turtlebot3_bringup
[1.085s] -- Install configuration: ""
[1.086s] -- Execute custom install script
[1.086s] -- Up-to-date symlink: /home/acalvo/turtlebot3_ws/install/turtlebot3_bringup/share/turtlebot3_bringup/launch/robot.launch.py
[1.086s] -- Up-to-date symlink: /home/acalvo/turtlebot3_ws/install/turtlebot3_bringup/share/turtlebot3_bringup/launch/rviz2.launch.py
[1.086s] -- Up-to-date symlink: /home/acalvo/turtlebot3_ws/install/turtlebot3_bringup/share/turtlebot3_bringup/launch/turtlebot3_state_publisher.launch.py
[1.086s] -- Up-to-date symlink: /home/acalvo/turtlebot3_ws/install/turtlebot3_bringup/share/turtlebot3_bringup/param/burger.yaml
[1.086s] -- Up-to-date symlink: /home/acalvo/turtlebot3_ws/install/turtlebot3_bringup/share/turtlebot3_bringup/param/waffle.yaml
[1.086s] -- Up-to-date symlink: /home/acalvo/turtlebot3_ws/install/turtlebot3_bringup/share/turtlebot3_bringup/param/waffle_pi.yaml
[1.086s] -- Up-to-date symlink: /home/acalvo/turtlebot3_ws/install/turtlebot3_bringup/share/turtlebot3_bringup/script/99-turtlebot3-cdc.rules
[1.086s] -- Up-to-date symlink: /home/acalvo/turtlebot3_ws/install/turtlebot3_bringup/share/turtlebot3_bringup/script/create_udev_rules
[1.086s] -- Up-to-date symlink: /home/acalvo/turtlebot3_ws/install/turtlebot3_bringup/share/ament_index/resource_index/package_run_dependencies/turtlebot3_bringup
[1.086s] -- Up-to-date symlink: /home/acalvo/turtlebot3_ws/install/turtlebot3_bringup/share/ament_index/resource_index/parent_prefix_path/turtlebot3_bringup
[1.086s] -- Up-to-date symlink: /home/acalvo/turtlebot3_ws/install/turtlebot3_bringup/share/turtlebot3_bringup/environment/ament_prefix_path.sh
[1.086s] -- Up-to-date symlink: /home/acalvo/turtlebot3_ws/install/turtlebot3_bringup/share/turtlebot3_bringup/environment/ament_prefix_path.dsv
[1.086s] -- Up-to-date symlink: /home/acalvo/turtlebot3_ws/install/turtlebot3_bringup/share/turtlebot3_bringup/environment/path.sh
[1.086s] -- Up-to-date symlink: /home/acalvo/turtlebot3_ws/install/turtlebot3_bringup/share/turtlebot3_bringup/environment/path.dsv
[1.086s] -- Up-to-date symlink: /home/acalvo/turtlebot3_ws/install/turtlebot3_bringup/share/turtlebot3_bringup/local_setup.bash
[1.087s] -- Up-to-date symlink: /home/acalvo/turtlebot3_ws/install/turtlebot3_bringup/share/turtlebot3_bringup/local_setup.sh
[1.087s] -- Up-to-date symlink: /home/acalvo/turtlebot3_ws/install/turtlebot3_bringup/share/turtlebot3_bringup/local_setup.zsh
[1.087s] -- Up-to-date symlink: /home/acalvo/turtlebot3_ws/install/turtlebot3_bringup/share/turtlebot3_bringup/local_setup.dsv
[1.087s] -- Symlinking: /home/acalvo/turtlebot3_ws/install/turtlebot3_bringup/share/turtlebot3_bringup/package.dsv
[1.087s] -- Up-to-date symlink: /home/acalvo/turtlebot3_ws/install/turtlebot3_bringup/share/ament_index/resource_index/packages/turtlebot3_bringup
[1.087s] -- Up-to-date symlink: /home/acalvo/turtlebot3_ws/install/turtlebot3_bringup/share/turtlebot3_bringup/cmake/turtlebot3_bringupConfig.cmake
[1.087s] -- Up-to-date symlink: /home/acalvo/turtlebot3_ws/install/turtlebot3_bringup/share/turtlebot3_bringup/cmake/turtlebot3_bringupConfig-version.cmake
[1.087s] -- Up-to-date symlink: /home/acalvo/turtlebot3_ws/install/turtlebot3_bringup/share/turtlebot3_bringup/package.xml
[1.091s] Invoked command in '/home/acalvo/turtlebot3_ws/build/turtlebot3_bringup' returned '0': CMAKE_PREFIX_PATH=/home/acalvo/turtlebot3_ws/install/turtlebot3_node:/home/acalvo/turtlebot3_ws/install/turtlebot3_msgs:/home/acalvo/turtlebot3_ws/install/turtlebot3_description:/home/acalvo/turtlebot3_ws/install/dynamixel_sdk:/home/acalvo/turtlebot3_ws/install/turtlebot3:/home/acalvo/turtlebot3_ws/install/turtlebot3_bringup:/home/acalvo/turtlebot3_ws/install/turtlebot3_navigation2:/home/acalvo/turtlebot3_ws/install/turtlebot3_cartographer:/home/acalvo/turtlebot3_ws/install/dynamixel_sdk_examples:/home/acalvo/turtlebot3_ws/install/dynamixel_sdk_custom_interfaces:/home/acalvo/turtlebot3_ws/install/turtlebot3_teleop:/home/acalvo/turtlebot3_ws/install/turtlebot3_example:/opt/ros/humble LD_LIBRARY_PATH=/home/acalvo/turtlebot3_ws/install/turtlebot3_msgs/lib:/home/acalvo/turtlebot3_ws/install/dynamixel_sdk/lib:/home/acalvo/turtlebot3_ws/install/dynamixel_sdk_custom_interfaces/lib:/usr/lib/x86_64-linux-gnu/gazebo-11/plugins:/opt/ros/humble/opt/rviz_ogre_vendor/lib:/opt/ros/humble/lib/x86_64-linux-gnu:/opt/ros/humble/lib:/usr/lib/x86_64-linux-gnu/gazebo-11/plugins /usr/bin/cmake --install /home/acalvo/turtlebot3_ws/build/turtlebot3_bringup
