[0.009s] Invoking command in '/home/acalvo/turtlebot3_ws/build/turtlebot3_cartographer': CMAKE_PREFIX_PATH=${CMAKE_PREFIX_PATH}:/home/acalvo/turtlebot3_ws/install/turtlebot3_teleop:/home/acalvo/turtlebot3_ws/install/turtlebot3_example:/opt/ros/humble /usr/bin/cmake --build /home/acalvo/turtlebot3_ws/build/turtlebot3_cartographer -- -j2 -l2
[0.079s] -- Found ament_cmake: 1.3.11 (/opt/ros/humble/share/ament_cmake/cmake)
[1.872s] -- Override CMake install command with custom implementation using symlinks instead of copying resources
[2.030s] -- Configuring done
[2.051s] -- Generating done
[2.057s] -- Build files have been written to: /home/acalvo/turtlebot3_ws/build/turtlebot3_cartographer
[2.129s] Invoked command in '/home/acalvo/turtlebot3_ws/build/turtlebot3_cartographer' returned '0': CMAKE_PREFIX_PATH=${CMAKE_PREFIX_PATH}:/home/acalvo/turtlebot3_ws/install/turtlebot3_teleop:/home/acalvo/turtlebot3_ws/install/turtlebot3_example:/opt/ros/humble /usr/bin/cmake --build /home/acalvo/turtlebot3_ws/build/turtlebot3_cartographer -- -j2 -l2
[2.130s] Invoking command in '/home/acalvo/turtlebot3_ws/build/turtlebot3_cartographer': CMAKE_PREFIX_PATH=${CMAKE_PREFIX_PATH}:/home/acalvo/turtlebot3_ws/install/turtlebot3_teleop:/home/acalvo/turtlebot3_ws/install/turtlebot3_example:/opt/ros/humble /usr/bin/cmake --install /home/acalvo/turtlebot3_ws/build/turtlebot3_cartographer
[2.141s] -- Install configuration: ""
[2.142s] -- Execute custom install script
[2.143s] -- Up-to-date symlink: /home/acalvo/turtlebot3_ws/install/turtlebot3_cartographer/share/turtlebot3_cartographer/config/turtlebot3_lds_2d.lua
[2.144s] -- Up-to-date symlink: /home/acalvo/turtlebot3_ws/install/turtlebot3_cartographer/share/turtlebot3_cartographer/launch/cartographer.launch.py
[2.145s] -- Up-to-date symlink: /home/acalvo/turtlebot3_ws/install/turtlebot3_cartographer/share/turtlebot3_cartographer/launch/occupancy_grid.launch.py
[2.147s] -- Up-to-date symlink: /home/acalvo/turtlebot3_ws/install/turtlebot3_cartographer/share/turtlebot3_cartographer/rviz/tb3_cartographer.rviz
[2.148s] -- Up-to-date symlink: /home/acalvo/turtlebot3_ws/install/turtlebot3_cartographer/share/ament_index/resource_index/package_run_dependencies/turtlebot3_cartographer
[2.150s] -- Up-to-date symlink: /home/acalvo/turtlebot3_ws/install/turtlebot3_cartographer/share/ament_index/resource_index/parent_prefix_path/turtlebot3_cartographer
[2.151s] -- Up-to-date symlink: /home/acalvo/turtlebot3_ws/install/turtlebot3_cartographer/share/turtlebot3_cartographer/environment/ament_prefix_path.sh
[2.151s] -- Up-to-date symlink: /home/acalvo/turtlebot3_ws/install/turtlebot3_cartographer/share/turtlebot3_cartographer/environment/ament_prefix_path.dsv
[2.152s] -- Up-to-date symlink: /home/acalvo/turtlebot3_ws/install/turtlebot3_cartographer/share/turtlebot3_cartographer/environment/path.sh
[2.152s] -- Up-to-date symlink: /home/acalvo/turtlebot3_ws/install/turtlebot3_cartographer/share/turtlebot3_cartographer/environment/path.dsv
[2.152s] -- Up-to-date symlink: /home/acalvo/turtlebot3_ws/install/turtlebot3_cartographer/share/turtlebot3_cartographer/local_setup.bash
[2.152s] -- Up-to-date symlink: /home/acalvo/turtlebot3_ws/install/turtlebot3_cartographer/share/turtlebot3_cartographer/local_setup.sh
[2.152s] -- Up-to-date symlink: /home/acalvo/turtlebot3_ws/install/turtlebot3_cartographer/share/turtlebot3_cartographer/local_setup.zsh
[2.153s] -- Up-to-date symlink: /home/acalvo/turtlebot3_ws/install/turtlebot3_cartographer/share/turtlebot3_cartographer/local_setup.dsv
[2.153s] -- Symlinking: /home/acalvo/turtlebot3_ws/install/turtlebot3_cartographer/share/turtlebot3_cartographer/package.dsv
[2.178s] -- Up-to-date symlink: /home/acalvo/turtlebot3_ws/install/turtlebot3_cartographer/share/ament_index/resource_index/packages/turtlebot3_cartographer
[2.180s] -- Up-to-date symlink: /home/acalvo/turtlebot3_ws/install/turtlebot3_cartographer/share/turtlebot3_cartographer/cmake/turtlebot3_cartographerConfig.cmake
[2.180s] -- Up-to-date symlink: /home/acalvo/turtlebot3_ws/install/turtlebot3_cartographer/share/turtlebot3_cartographer/cmake/turtlebot3_cartographerConfig-version.cmake
[2.180s] -- Up-to-date symlink: /home/acalvo/turtlebot3_ws/install/turtlebot3_cartographer/share/turtlebot3_cartographer/package.xml
[2.182s] Invoked command in '/home/acalvo/turtlebot3_ws/build/turtlebot3_cartographer' returned '0': CMAKE_PREFIX_PATH=${CMAKE_PREFIX_PATH}:/home/acalvo/turtlebot3_ws/install/turtlebot3_teleop:/home/acalvo/turtlebot3_ws/install/turtlebot3_example:/opt/ros/humble /usr/bin/cmake --install /home/acalvo/turtlebot3_ws/build/turtlebot3_cartographer
