[0.028s] Invoking command in '/home/acalvo/turtlebot3_ws/build/dynamixel_sdk_examples': CMAKE_PREFIX_PATH=/home/acalvo/turtlebot3_ws/install/dynamixel_sdk_custom_interfaces:/home/acalvo/turtlebot3_ws/install/dynamixel_sdk:/home/acalvo/turtlebot3_ws/install/turtlebot3_simulations:/home/acalvo/turtlebot3_ws/install/turtlebot3_fake_node:/home/acalvo/turtlebot3_ws/install/turtlebot3_gazebo:/home/acalvo/turtlebot3_ws/install/turtlebot3:/home/acalvo/turtlebot3_ws/install/turtlebot3_bringup:/home/acalvo/turtlebot3_ws/install/turtlebot3_node:/home/acalvo/turtlebot3_ws/install/turtlebot3_navigation2:/home/acalvo/turtlebot3_ws/install/turtlebot3_msgs:/home/acalvo/turtlebot3_ws/install/turtlebot3_description:/home/acalvo/turtlebot3_ws/install/turtlebot3_cartographer:/home/acalvo/turtlebot3_ws/install/dynamixel_sdk_examples:/home/acalvo/turtlebot3_ws/install/turtlebot3_teleop:/home/acalvo/turtlebot3_ws/install/turtlebot3_example:/opt/ros/humble LD_LIBRARY_PATH=/home/acalvo/turtlebot3_ws/install/dynamixel_sdk_custom_interfaces/lib:/home/acalvo/turtlebot3_ws/install/dynamixel_sdk/lib:/home/acalvo/turtlebot3_ws/install/turtlebot3_msgs/lib:/usr/lib/x86_64-linux-gnu/gazebo-11/plugins:/opt/ros/humble/opt/rviz_ogre_vendor/lib:/opt/ros/humble/lib/x86_64-linux-gnu:/opt/ros/humble/lib:/usr/lib/x86_64-linux-gnu/gazebo-11/plugins /usr/bin/cmake --build /home/acalvo/turtlebot3_ws/build/dynamixel_sdk_examples -- -j2 -l2
[0.073s] -- Found ament_cmake: 1.3.11 (/opt/ros/humble/share/ament_cmake/cmake)
[0.216s] -- Override CMake install command with custom implementation using symlinks instead of copying resources
[0.225s] -- Found dynamixel_sdk: 3.8.1 (/home/acalvo/turtlebot3_ws/install/dynamixel_sdk/share/dynamixel_sdk/cmake)
[0.225s] -- Found dynamixel_sdk_custom_interfaces: 3.8.1 (/home/acalvo/turtlebot3_ws/install/dynamixel_sdk_custom_interfaces/share/dynamixel_sdk_custom_interfaces/cmake)
[0.246s] -- Found rosidl_generator_c: 3.1.6 (/opt/ros/humble/share/rosidl_generator_c/cmake)
[0.249s] -- Found rosidl_adapter: 3.1.6 (/opt/ros/humble/share/rosidl_adapter/cmake)
[0.259s] -- Found rosidl_generator_cpp: 3.1.6 (/opt/ros/humble/share/rosidl_generator_cpp/cmake)
[0.265s] -- Using all available rosidl_typesupport_c: rosidl_typesupport_fastrtps_c;rosidl_typesupport_introspection_c
[0.276s] -- Using all available rosidl_typesupport_cpp: rosidl_typesupport_fastrtps_cpp;rosidl_typesupport_introspection_cpp
[0.308s] -- Found rclcpp: 16.0.11 (/opt/ros/humble/share/rclcpp/cmake)
[0.332s] -- Found rmw_implementation_cmake: 6.1.2 (/opt/ros/humble/share/rmw_implementation_cmake/cmake)
[0.333s] -- Found rmw_fastrtps_cpp: 6.2.7 (/opt/ros/humble/share/rmw_fastrtps_cpp/cmake)
[0.694s] -- Using RMW implementation 'rmw_fastrtps_cpp' as default
[0.752s] -- Found ament_lint_auto: 0.12.11 (/opt/ros/humble/share/ament_lint_auto/cmake)
[0.868s] -- Added test 'copyright' to check source files copyright and LICENSE
[0.869s] -- Added test 'cppcheck' to perform static code analysis on C / C++ code
[0.870s] -- Configured cppcheck include dirs: /home/acalvo/turtlebot3_ws/src/DynamixelSDK/ros/dynamixel_sdk_examples/include
[0.871s] -- Configured cppcheck exclude dirs and/or files: 
[0.871s] -- Added test 'cpplint' to check C / C++ code against the Google style
[0.872s] -- Configured cpplint exclude dirs and/or files: 
[0.873s] -- Added test 'lint_cmake' to check CMake code style
[0.874s] -- Added test 'uncrustify' to check C / C++ code style
[0.874s] -- Configured uncrustify additional arguments: 
[0.875s] -- Added test 'xmllint' to check XML markup files
[0.880s] -- Configuring done
[0.907s] -- Generating done
[0.920s] -- Build files have been written to: /home/acalvo/turtlebot3_ws/build/dynamixel_sdk_examples
[0.986s] [35m[1mConsolidate compiler generated dependencies of target read_write_node[0m
[1.020s] [ 50%] [32mBuilding CXX object CMakeFiles/read_write_node.dir/src/read_write_node.cpp.o[0m
[10.150s] [100%] [32m[1mLinking CXX executable read_write_node[0m
[10.615s] [100%] Built target read_write_node
[10.629s] Invoked command in '/home/acalvo/turtlebot3_ws/build/dynamixel_sdk_examples' returned '0': CMAKE_PREFIX_PATH=/home/acalvo/turtlebot3_ws/install/dynamixel_sdk_custom_interfaces:/home/acalvo/turtlebot3_ws/install/dynamixel_sdk:/home/acalvo/turtlebot3_ws/install/turtlebot3_simulations:/home/acalvo/turtlebot3_ws/install/turtlebot3_fake_node:/home/acalvo/turtlebot3_ws/install/turtlebot3_gazebo:/home/acalvo/turtlebot3_ws/install/turtlebot3:/home/acalvo/turtlebot3_ws/install/turtlebot3_bringup:/home/acalvo/turtlebot3_ws/install/turtlebot3_node:/home/acalvo/turtlebot3_ws/install/turtlebot3_navigation2:/home/acalvo/turtlebot3_ws/install/turtlebot3_msgs:/home/acalvo/turtlebot3_ws/install/turtlebot3_description:/home/acalvo/turtlebot3_ws/install/turtlebot3_cartographer:/home/acalvo/turtlebot3_ws/install/dynamixel_sdk_examples:/home/acalvo/turtlebot3_ws/install/turtlebot3_teleop:/home/acalvo/turtlebot3_ws/install/turtlebot3_example:/opt/ros/humble LD_LIBRARY_PATH=/home/acalvo/turtlebot3_ws/install/dynamixel_sdk_custom_interfaces/lib:/home/acalvo/turtlebot3_ws/install/dynamixel_sdk/lib:/home/acalvo/turtlebot3_ws/install/turtlebot3_msgs/lib:/usr/lib/x86_64-linux-gnu/gazebo-11/plugins:/opt/ros/humble/opt/rviz_ogre_vendor/lib:/opt/ros/humble/lib/x86_64-linux-gnu:/opt/ros/humble/lib:/usr/lib/x86_64-linux-gnu/gazebo-11/plugins /usr/bin/cmake --build /home/acalvo/turtlebot3_ws/build/dynamixel_sdk_examples -- -j2 -l2
[10.641s] Invoking command in '/home/acalvo/turtlebot3_ws/build/dynamixel_sdk_examples': CMAKE_PREFIX_PATH=/home/acalvo/turtlebot3_ws/install/dynamixel_sdk_custom_interfaces:/home/acalvo/turtlebot3_ws/install/dynamixel_sdk:/home/acalvo/turtlebot3_ws/install/turtlebot3_simulations:/home/acalvo/turtlebot3_ws/install/turtlebot3_fake_node:/home/acalvo/turtlebot3_ws/install/turtlebot3_gazebo:/home/acalvo/turtlebot3_ws/install/turtlebot3:/home/acalvo/turtlebot3_ws/install/turtlebot3_bringup:/home/acalvo/turtlebot3_ws/install/turtlebot3_node:/home/acalvo/turtlebot3_ws/install/turtlebot3_navigation2:/home/acalvo/turtlebot3_ws/install/turtlebot3_msgs:/home/acalvo/turtlebot3_ws/install/turtlebot3_description:/home/acalvo/turtlebot3_ws/install/turtlebot3_cartographer:/home/acalvo/turtlebot3_ws/install/dynamixel_sdk_examples:/home/acalvo/turtlebot3_ws/install/turtlebot3_teleop:/home/acalvo/turtlebot3_ws/install/turtlebot3_example:/opt/ros/humble LD_LIBRARY_PATH=/home/acalvo/turtlebot3_ws/install/dynamixel_sdk_custom_interfaces/lib:/home/acalvo/turtlebot3_ws/install/dynamixel_sdk/lib:/home/acalvo/turtlebot3_ws/install/turtlebot3_msgs/lib:/usr/lib/x86_64-linux-gnu/gazebo-11/plugins:/opt/ros/humble/opt/rviz_ogre_vendor/lib:/opt/ros/humble/lib/x86_64-linux-gnu:/opt/ros/humble/lib:/usr/lib/x86_64-linux-gnu/gazebo-11/plugins /usr/bin/cmake --install /home/acalvo/turtlebot3_ws/build/dynamixel_sdk_examples
[10.645s] -- Install configuration: ""
[10.647s] -- Execute custom install script
[10.662s] -- Up-to-date symlink: /home/acalvo/turtlebot3_ws/install/dynamixel_sdk_examples/lib/dynamixel_sdk_examples/read_write_node
[10.663s] -- Up-to-date symlink: /home/acalvo/turtlebot3_ws/install/dynamixel_sdk_examples/share/ament_index/resource_index/package_run_dependencies/dynamixel_sdk_examples
[10.663s] -- Up-to-date symlink: /home/acalvo/turtlebot3_ws/install/dynamixel_sdk_examples/share/ament_index/resource_index/parent_prefix_path/dynamixel_sdk_examples
[10.663s] -- Up-to-date symlink: /home/acalvo/turtlebot3_ws/install/dynamixel_sdk_examples/share/dynamixel_sdk_examples/environment/ament_prefix_path.sh
[10.664s] -- Up-to-date symlink: /home/acalvo/turtlebot3_ws/install/dynamixel_sdk_examples/share/dynamixel_sdk_examples/environment/ament_prefix_path.dsv
[10.664s] -- Up-to-date symlink: /home/acalvo/turtlebot3_ws/install/dynamixel_sdk_examples/share/dynamixel_sdk_examples/environment/path.sh
[10.666s] -- Up-to-date symlink: /home/acalvo/turtlebot3_ws/install/dynamixel_sdk_examples/share/dynamixel_sdk_examples/environment/path.dsv
[10.667s] -- Up-to-date symlink: /home/acalvo/turtlebot3_ws/install/dynamixel_sdk_examples/share/dynamixel_sdk_examples/local_setup.bash
[10.668s] -- Up-to-date symlink: /home/acalvo/turtlebot3_ws/install/dynamixel_sdk_examples/share/dynamixel_sdk_examples/local_setup.sh
[10.669s] -- Up-to-date symlink: /home/acalvo/turtlebot3_ws/install/dynamixel_sdk_examples/share/dynamixel_sdk_examples/local_setup.zsh
[10.669s] -- Up-to-date symlink: /home/acalvo/turtlebot3_ws/install/dynamixel_sdk_examples/share/dynamixel_sdk_examples/local_setup.dsv
[10.669s] -- Symlinking: /home/acalvo/turtlebot3_ws/install/dynamixel_sdk_examples/share/dynamixel_sdk_examples/package.dsv
[10.692s] -- Up-to-date symlink: /home/acalvo/turtlebot3_ws/install/dynamixel_sdk_examples/share/ament_index/resource_index/packages/dynamixel_sdk_examples
[10.692s] -- Up-to-date symlink: /home/acalvo/turtlebot3_ws/install/dynamixel_sdk_examples/share/dynamixel_sdk_examples/cmake/dynamixel_sdk_examplesConfig.cmake
[10.692s] -- Up-to-date symlink: /home/acalvo/turtlebot3_ws/install/dynamixel_sdk_examples/share/dynamixel_sdk_examples/cmake/dynamixel_sdk_examplesConfig-version.cmake
[10.692s] -- Up-to-date symlink: /home/acalvo/turtlebot3_ws/install/dynamixel_sdk_examples/share/dynamixel_sdk_examples/package.xml
[10.694s] Invoked command in '/home/acalvo/turtlebot3_ws/build/dynamixel_sdk_examples' returned '0': CMAKE_PREFIX_PATH=/home/acalvo/turtlebot3_ws/install/dynamixel_sdk_custom_interfaces:/home/acalvo/turtlebot3_ws/install/dynamixel_sdk:/home/acalvo/turtlebot3_ws/install/turtlebot3_simulations:/home/acalvo/turtlebot3_ws/install/turtlebot3_fake_node:/home/acalvo/turtlebot3_ws/install/turtlebot3_gazebo:/home/acalvo/turtlebot3_ws/install/turtlebot3:/home/acalvo/turtlebot3_ws/install/turtlebot3_bringup:/home/acalvo/turtlebot3_ws/install/turtlebot3_node:/home/acalvo/turtlebot3_ws/install/turtlebot3_navigation2:/home/acalvo/turtlebot3_ws/install/turtlebot3_msgs:/home/acalvo/turtlebot3_ws/install/turtlebot3_description:/home/acalvo/turtlebot3_ws/install/turtlebot3_cartographer:/home/acalvo/turtlebot3_ws/install/dynamixel_sdk_examples:/home/acalvo/turtlebot3_ws/install/turtlebot3_teleop:/home/acalvo/turtlebot3_ws/install/turtlebot3_example:/opt/ros/humble LD_LIBRARY_PATH=/home/acalvo/turtlebot3_ws/install/dynamixel_sdk_custom_interfaces/lib:/home/acalvo/turtlebot3_ws/install/dynamixel_sdk/lib:/home/acalvo/turtlebot3_ws/install/turtlebot3_msgs/lib:/usr/lib/x86_64-linux-gnu/gazebo-11/plugins:/opt/ros/humble/opt/rviz_ogre_vendor/lib:/opt/ros/humble/lib/x86_64-linux-gnu:/opt/ros/humble/lib:/usr/lib/x86_64-linux-gnu/gazebo-11/plugins /usr/bin/cmake --install /home/acalvo/turtlebot3_ws/build/dynamixel_sdk_examples
