[0.133s] Invoking command in '/home/acalvo/turtlebot3_ws/build/turtlebot3_fake_node': CMAKE_PREFIX_PATH=${CMAKE_PREFIX_PATH}:/home/acalvo/turtlebot3_ws/install/turtlebot3_teleop:/home/acalvo/turtlebot3_ws/install/turtlebot3_example:/opt/ros/humble /usr/bin/cmake --build /home/acalvo/turtlebot3_ws/build/turtlebot3_fake_node -- -j2 -l2
[0.200s] [35m[1mConsolidate compiler generated dependencies of target turtlebot3_fake_node[0m
[0.233s] [100%] Built target turtlebot3_fake_node
[0.267s] Invoked command in '/home/acalvo/turtlebot3_ws/build/turtlebot3_fake_node' returned '0': CMAKE_PREFIX_PATH=${CMAKE_PREFIX_PATH}:/home/acalvo/turtlebot3_ws/install/turtlebot3_teleop:/home/acalvo/turtlebot3_ws/install/turtlebot3_example:/opt/ros/humble /usr/bin/cmake --build /home/acalvo/turtlebot3_ws/build/turtlebot3_fake_node -- -j2 -l2
[0.290s] Invoking command in '/home/acalvo/turtlebot3_ws/build/turtlebot3_fake_node': CMAKE_PREFIX_PATH=${CMAKE_PREFIX_PATH}:/home/acalvo/turtlebot3_ws/install/turtlebot3_teleop:/home/acalvo/turtlebot3_ws/install/turtlebot3_example:/opt/ros/humble /usr/bin/cmake --install /home/acalvo/turtlebot3_ws/build/turtlebot3_fake_node
[0.311s] -- Install configuration: ""
[0.312s] -- Execute custom install script
[0.313s] -- Up-to-date symlink: /home/acalvo/turtlebot3_ws/install/turtlebot3_fake_node/lib/turtlebot3_fake_node/turtlebot3_fake_node
[0.317s] -- Up-to-date symlink: /home/acalvo/turtlebot3_ws/install/turtlebot3_fake_node/share/turtlebot3_fake_node/launch/rviz2.launch.py
[0.317s] -- Up-to-date symlink: /home/acalvo/turtlebot3_ws/install/turtlebot3_fake_node/share/turtlebot3_fake_node/launch/turtlebot3_fake_node.launch.py
[0.317s] -- Up-to-date symlink: /home/acalvo/turtlebot3_ws/install/turtlebot3_fake_node/share/turtlebot3_fake_node/param/burger.yaml
[0.317s] -- Up-to-date symlink: /home/acalvo/turtlebot3_ws/install/turtlebot3_fake_node/share/turtlebot3_fake_node/param/waffle.yaml
[0.317s] -- Up-to-date symlink: /home/acalvo/turtlebot3_ws/install/turtlebot3_fake_node/share/turtlebot3_fake_node/param/waffle_pi.yaml
[0.317s] -- Up-to-date symlink: /home/acalvo/turtlebot3_ws/install/turtlebot3_fake_node/include//turtlebot3_fake_node/turtlebot3_fake_node.hpp
[0.317s] -- Up-to-date symlink: /home/acalvo/turtlebot3_ws/install/turtlebot3_fake_node/share/ament_index/resource_index/package_run_dependencies/turtlebot3_fake_node
[0.317s] -- Up-to-date symlink: /home/acalvo/turtlebot3_ws/install/turtlebot3_fake_node/share/ament_index/resource_index/parent_prefix_path/turtlebot3_fake_node
[0.317s] -- Up-to-date symlink: /home/acalvo/turtlebot3_ws/install/turtlebot3_fake_node/share/turtlebot3_fake_node/environment/ament_prefix_path.sh
[0.317s] -- Up-to-date symlink: /home/acalvo/turtlebot3_ws/install/turtlebot3_fake_node/share/turtlebot3_fake_node/environment/ament_prefix_path.dsv
[0.318s] -- Up-to-date symlink: /home/acalvo/turtlebot3_ws/install/turtlebot3_fake_node/share/turtlebot3_fake_node/environment/path.sh
[0.318s] -- Up-to-date symlink: /home/acalvo/turtlebot3_ws/install/turtlebot3_fake_node/share/turtlebot3_fake_node/environment/path.dsv
[0.318s] -- Up-to-date symlink: /home/acalvo/turtlebot3_ws/install/turtlebot3_fake_node/share/turtlebot3_fake_node/local_setup.bash
[0.318s] -- Up-to-date symlink: /home/acalvo/turtlebot3_ws/install/turtlebot3_fake_node/share/turtlebot3_fake_node/local_setup.sh
[0.318s] -- Up-to-date symlink: /home/acalvo/turtlebot3_ws/install/turtlebot3_fake_node/share/turtlebot3_fake_node/local_setup.zsh
[0.318s] -- Up-to-date symlink: /home/acalvo/turtlebot3_ws/install/turtlebot3_fake_node/share/turtlebot3_fake_node/local_setup.dsv
[0.318s] -- Symlinking: /home/acalvo/turtlebot3_ws/install/turtlebot3_fake_node/share/turtlebot3_fake_node/package.dsv
[0.340s] -- Up-to-date symlink: /home/acalvo/turtlebot3_ws/install/turtlebot3_fake_node/share/ament_index/resource_index/packages/turtlebot3_fake_node
[0.341s] -- Up-to-date symlink: /home/acalvo/turtlebot3_ws/install/turtlebot3_fake_node/share/turtlebot3_fake_node/cmake/ament_cmake_export_include_directories-extras.cmake
[0.341s] -- Up-to-date symlink: /home/acalvo/turtlebot3_ws/install/turtlebot3_fake_node/share/turtlebot3_fake_node/cmake/ament_cmake_export_dependencies-extras.cmake
[0.341s] -- Up-to-date symlink: /home/acalvo/turtlebot3_ws/install/turtlebot3_fake_node/share/turtlebot3_fake_node/cmake/turtlebot3_fake_nodeConfig.cmake
[0.341s] -- Up-to-date symlink: /home/acalvo/turtlebot3_ws/install/turtlebot3_fake_node/share/turtlebot3_fake_node/cmake/turtlebot3_fake_nodeConfig-version.cmake
[0.341s] -- Up-to-date symlink: /home/acalvo/turtlebot3_ws/install/turtlebot3_fake_node/share/turtlebot3_fake_node/package.xml
[0.342s] Invoked command in '/home/acalvo/turtlebot3_ws/build/turtlebot3_fake_node' returned '0': CMAKE_PREFIX_PATH=${CMAKE_PREFIX_PATH}:/home/acalvo/turtlebot3_ws/install/turtlebot3_teleop:/home/acalvo/turtlebot3_ws/install/turtlebot3_example:/opt/ros/humble /usr/bin/cmake --install /home/acalvo/turtlebot3_ws/build/turtlebot3_fake_node
