[0.055s] Invoking command in '/home/acalvo/turtlebot3_ws/build/dynamixel_sdk_examples': CMAKE_PREFIX_PATH=/home/acalvo/turtlebot3_ws/install/dynamixel_sdk_custom_interfaces:/home/acalvo/turtlebot3_ws/install/dynamixel_sdk:/home/acalvo/turtlebot3_ws/install/turtlebot3_simulations:/home/acalvo/turtlebot3_ws/install/turtlebot3_fake_node:/home/acalvo/turtlebot3_ws/install/turtlebot3_gazebo:/home/acalvo/turtlebot3_ws/install/turtlebot3:/home/acalvo/turtlebot3_ws/install/turtlebot3_bringup:/home/acalvo/turtlebot3_ws/install/turtlebot3_node:/home/acalvo/turtlebot3_ws/install/turtlebot3_navigation2:/home/acalvo/turtlebot3_ws/install/turtlebot3_msgs:/home/acalvo/turtlebot3_ws/install/turtlebot3_description:/home/acalvo/turtlebot3_ws/install/turtlebot3_cartographer:/home/acalvo/turtlebot3_ws/install/dynamixel_sdk_examples:/home/acalvo/turtlebot3_ws/install/turtlebot3_teleop:/home/acalvo/turtlebot3_ws/install/turtlebot3_example:/opt/ros/humble LD_LIBRARY_PATH=/home/acalvo/turtlebot3_ws/install/dynamixel_sdk_custom_interfaces/lib:/home/acalvo/turtlebot3_ws/install/dynamixel_sdk/lib:/home/acalvo/turtlebot3_ws/install/turtlebot3_msgs/lib:/usr/lib/x86_64-linux-gnu/gazebo-11/plugins:/opt/ros/humble/opt/rviz_ogre_vendor/lib:/opt/ros/humble/lib/x86_64-linux-gnu:/opt/ros/humble/lib:/usr/lib/x86_64-linux-gnu/gazebo-11/plugins:/usr/lib/x86_64-linux-gnu/gazebo-11/plugins:/usr/lib/x86_64-linux-gnu/gazebo-11/plugins:/usr/lib/x86_64-linux-gnu/gazebo-11/plugins:/usr/lib/x86_64-linux-gnu/gazebo-11/plugins:/usr/lib/x86_64-linux-gnu/gazebo-11/plugins:/usr/lib/x86_64-linux-gnu/gazebo-11/plugins:/usr/lib/x86_64-linux-gnu/gazebo-11/plugins:/usr/lib/x86_64-linux-gnu/gazebo-11/plugins:/usr/lib/x86_64-linux-gnu/gazebo-11/plugins /usr/bin/cmake --build /home/acalvo/turtlebot3_ws/build/dynamixel_sdk_examples -- -j2 -l2
[0.152s] -- Found ament_cmake: 1.3.11 (/opt/ros/humble/share/ament_cmake/cmake)
[0.291s] -- Override CMake install command with custom implementation using symlinks instead of copying resources
[0.320s] -- Found dynamixel_sdk: 3.8.1 (/home/acalvo/turtlebot3_ws/install/dynamixel_sdk/share/dynamixel_sdk/cmake)
[0.328s] -- Found dynamixel_sdk_custom_interfaces: 3.8.1 (/home/acalvo/turtlebot3_ws/install/dynamixel_sdk_custom_interfaces/share/dynamixel_sdk_custom_interfaces/cmake)
[0.364s] -- Found rosidl_generator_c: 3.1.6 (/opt/ros/humble/share/rosidl_generator_c/cmake)
[0.370s] -- Found rosidl_adapter: 3.1.6 (/opt/ros/humble/share/rosidl_adapter/cmake)
[0.375s] -- Found rosidl_generator_cpp: 3.1.6 (/opt/ros/humble/share/rosidl_generator_cpp/cmake)
[0.391s] -- Using all available rosidl_typesupport_c: rosidl_typesupport_fastrtps_c;rosidl_typesupport_introspection_c
[0.399s] -- Using all available rosidl_typesupport_cpp: rosidl_typesupport_fastrtps_cpp;rosidl_typesupport_introspection_cpp
[0.441s] -- Found rclcpp: 16.0.11 (/opt/ros/humble/share/rclcpp/cmake)
[0.469s] -- Found rmw_implementation_cmake: 6.1.2 (/opt/ros/humble/share/rmw_implementation_cmake/cmake)
[0.472s] -- Found rmw_fastrtps_cpp: 6.2.7 (/opt/ros/humble/share/rmw_fastrtps_cpp/cmake)
[0.589s] -- Using RMW implementation 'rmw_fastrtps_cpp' as default
[0.648s] -- Found ament_lint_auto: 0.12.11 (/opt/ros/humble/share/ament_lint_auto/cmake)
[0.789s] -- Added test 'copyright' to check source files copyright and LICENSE
[0.791s] -- Added test 'cppcheck' to perform static code analysis on C / C++ code
[0.792s] -- Configured cppcheck include dirs: /home/acalvo/turtlebot3_ws/src/DynamixelSDK/ros/dynamixel_sdk_examples/include
[0.792s] -- Configured cppcheck exclude dirs and/or files: 
[0.795s] -- Added test 'cpplint' to check C / C++ code against the Google style
[0.796s] -- Configured cpplint exclude dirs and/or files: 
[0.798s] -- Added test 'lint_cmake' to check CMake code style
[0.801s] -- Added test 'uncrustify' to check C / C++ code style
[0.802s] -- Configured uncrustify additional arguments: 
[0.803s] -- Added test 'xmllint' to check XML markup files
[0.812s] -- Configuring done
[0.845s] -- Generating done
[0.853s] -- Build files have been written to: /home/acalvo/turtlebot3_ws/build/dynamixel_sdk_examples
[0.899s] [35m[1mConsolidate compiler generated dependencies of target read_write_node[0m
[0.924s] [ 50%] [32mBuilding CXX object CMakeFiles/read_write_node.dir/src/read_write_node.cpp.o[0m
[10.798s] [100%] [32m[1mLinking CXX executable read_write_node[0m
[11.317s] [100%] Built target read_write_node
[11.341s] Invoked command in '/home/acalvo/turtlebot3_ws/build/dynamixel_sdk_examples' returned '0': CMAKE_PREFIX_PATH=/home/acalvo/turtlebot3_ws/install/dynamixel_sdk_custom_interfaces:/home/acalvo/turtlebot3_ws/install/dynamixel_sdk:/home/acalvo/turtlebot3_ws/install/turtlebot3_simulations:/home/acalvo/turtlebot3_ws/install/turtlebot3_fake_node:/home/acalvo/turtlebot3_ws/install/turtlebot3_gazebo:/home/acalvo/turtlebot3_ws/install/turtlebot3:/home/acalvo/turtlebot3_ws/install/turtlebot3_bringup:/home/acalvo/turtlebot3_ws/install/turtlebot3_node:/home/acalvo/turtlebot3_ws/install/turtlebot3_navigation2:/home/acalvo/turtlebot3_ws/install/turtlebot3_msgs:/home/acalvo/turtlebot3_ws/install/turtlebot3_description:/home/acalvo/turtlebot3_ws/install/turtlebot3_cartographer:/home/acalvo/turtlebot3_ws/install/dynamixel_sdk_examples:/home/acalvo/turtlebot3_ws/install/turtlebot3_teleop:/home/acalvo/turtlebot3_ws/install/turtlebot3_example:/opt/ros/humble LD_LIBRARY_PATH=/home/acalvo/turtlebot3_ws/install/dynamixel_sdk_custom_interfaces/lib:/home/acalvo/turtlebot3_ws/install/dynamixel_sdk/lib:/home/acalvo/turtlebot3_ws/install/turtlebot3_msgs/lib:/usr/lib/x86_64-linux-gnu/gazebo-11/plugins:/opt/ros/humble/opt/rviz_ogre_vendor/lib:/opt/ros/humble/lib/x86_64-linux-gnu:/opt/ros/humble/lib:/usr/lib/x86_64-linux-gnu/gazebo-11/plugins:/usr/lib/x86_64-linux-gnu/gazebo-11/plugins:/usr/lib/x86_64-linux-gnu/gazebo-11/plugins:/usr/lib/x86_64-linux-gnu/gazebo-11/plugins:/usr/lib/x86_64-linux-gnu/gazebo-11/plugins:/usr/lib/x86_64-linux-gnu/gazebo-11/plugins:/usr/lib/x86_64-linux-gnu/gazebo-11/plugins:/usr/lib/x86_64-linux-gnu/gazebo-11/plugins:/usr/lib/x86_64-linux-gnu/gazebo-11/plugins:/usr/lib/x86_64-linux-gnu/gazebo-11/plugins /usr/bin/cmake --build /home/acalvo/turtlebot3_ws/build/dynamixel_sdk_examples -- -j2 -l2
[11.351s] Invoking command in '/home/acalvo/turtlebot3_ws/build/dynamixel_sdk_examples': CMAKE_PREFIX_PATH=/home/acalvo/turtlebot3_ws/install/dynamixel_sdk_custom_interfaces:/home/acalvo/turtlebot3_ws/install/dynamixel_sdk:/home/acalvo/turtlebot3_ws/install/turtlebot3_simulations:/home/acalvo/turtlebot3_ws/install/turtlebot3_fake_node:/home/acalvo/turtlebot3_ws/install/turtlebot3_gazebo:/home/acalvo/turtlebot3_ws/install/turtlebot3:/home/acalvo/turtlebot3_ws/install/turtlebot3_bringup:/home/acalvo/turtlebot3_ws/install/turtlebot3_node:/home/acalvo/turtlebot3_ws/install/turtlebot3_navigation2:/home/acalvo/turtlebot3_ws/install/turtlebot3_msgs:/home/acalvo/turtlebot3_ws/install/turtlebot3_description:/home/acalvo/turtlebot3_ws/install/turtlebot3_cartographer:/home/acalvo/turtlebot3_ws/install/dynamixel_sdk_examples:/home/acalvo/turtlebot3_ws/install/turtlebot3_teleop:/home/acalvo/turtlebot3_ws/install/turtlebot3_example:/opt/ros/humble LD_LIBRARY_PATH=/home/acalvo/turtlebot3_ws/install/dynamixel_sdk_custom_interfaces/lib:/home/acalvo/turtlebot3_ws/install/dynamixel_sdk/lib:/home/acalvo/turtlebot3_ws/install/turtlebot3_msgs/lib:/usr/lib/x86_64-linux-gnu/gazebo-11/plugins:/opt/ros/humble/opt/rviz_ogre_vendor/lib:/opt/ros/humble/lib/x86_64-linux-gnu:/opt/ros/humble/lib:/usr/lib/x86_64-linux-gnu/gazebo-11/plugins:/usr/lib/x86_64-linux-gnu/gazebo-11/plugins:/usr/lib/x86_64-linux-gnu/gazebo-11/plugins:/usr/lib/x86_64-linux-gnu/gazebo-11/plugins:/usr/lib/x86_64-linux-gnu/gazebo-11/plugins:/usr/lib/x86_64-linux-gnu/gazebo-11/plugins:/usr/lib/x86_64-linux-gnu/gazebo-11/plugins:/usr/lib/x86_64-linux-gnu/gazebo-11/plugins:/usr/lib/x86_64-linux-gnu/gazebo-11/plugins:/usr/lib/x86_64-linux-gnu/gazebo-11/plugins /usr/bin/cmake --install /home/acalvo/turtlebot3_ws/build/dynamixel_sdk_examples
[11.366s] -- Install configuration: ""
[11.366s] -- Execute custom install script
[11.370s] -- Up-to-date symlink: /home/acalvo/turtlebot3_ws/install/dynamixel_sdk_examples/lib/dynamixel_sdk_examples/read_write_node
[11.372s] -- Up-to-date symlink: /home/acalvo/turtlebot3_ws/install/dynamixel_sdk_examples/share/ament_index/resource_index/package_run_dependencies/dynamixel_sdk_examples
[11.374s] -- Up-to-date symlink: /home/acalvo/turtlebot3_ws/install/dynamixel_sdk_examples/share/ament_index/resource_index/parent_prefix_path/dynamixel_sdk_examples
[11.377s] -- Up-to-date symlink: /home/acalvo/turtlebot3_ws/install/dynamixel_sdk_examples/share/dynamixel_sdk_examples/environment/ament_prefix_path.sh
[11.378s] -- Up-to-date symlink: /home/acalvo/turtlebot3_ws/install/dynamixel_sdk_examples/share/dynamixel_sdk_examples/environment/ament_prefix_path.dsv
[11.380s] -- Up-to-date symlink: /home/acalvo/turtlebot3_ws/install/dynamixel_sdk_examples/share/dynamixel_sdk_examples/environment/path.sh
[11.382s] -- Up-to-date symlink: /home/acalvo/turtlebot3_ws/install/dynamixel_sdk_examples/share/dynamixel_sdk_examples/environment/path.dsv
[11.385s] -- Up-to-date symlink: /home/acalvo/turtlebot3_ws/install/dynamixel_sdk_examples/share/dynamixel_sdk_examples/local_setup.bash
[11.385s] -- Up-to-date symlink: /home/acalvo/turtlebot3_ws/install/dynamixel_sdk_examples/share/dynamixel_sdk_examples/local_setup.sh
[11.385s] -- Up-to-date symlink: /home/acalvo/turtlebot3_ws/install/dynamixel_sdk_examples/share/dynamixel_sdk_examples/local_setup.zsh
[11.385s] -- Up-to-date symlink: /home/acalvo/turtlebot3_ws/install/dynamixel_sdk_examples/share/dynamixel_sdk_examples/local_setup.dsv
[11.386s] -- Symlinking: /home/acalvo/turtlebot3_ws/install/dynamixel_sdk_examples/share/dynamixel_sdk_examples/package.dsv
[11.400s] -- Up-to-date symlink: /home/acalvo/turtlebot3_ws/install/dynamixel_sdk_examples/share/ament_index/resource_index/packages/dynamixel_sdk_examples
[11.402s] -- Up-to-date symlink: /home/acalvo/turtlebot3_ws/install/dynamixel_sdk_examples/share/dynamixel_sdk_examples/cmake/dynamixel_sdk_examplesConfig.cmake
[11.405s] -- Up-to-date symlink: /home/acalvo/turtlebot3_ws/install/dynamixel_sdk_examples/share/dynamixel_sdk_examples/cmake/dynamixel_sdk_examplesConfig-version.cmake
[11.405s] -- Up-to-date symlink: /home/acalvo/turtlebot3_ws/install/dynamixel_sdk_examples/share/dynamixel_sdk_examples/package.xml
[11.407s] Invoked command in '/home/acalvo/turtlebot3_ws/build/dynamixel_sdk_examples' returned '0': CMAKE_PREFIX_PATH=/home/acalvo/turtlebot3_ws/install/dynamixel_sdk_custom_interfaces:/home/acalvo/turtlebot3_ws/install/dynamixel_sdk:/home/acalvo/turtlebot3_ws/install/turtlebot3_simulations:/home/acalvo/turtlebot3_ws/install/turtlebot3_fake_node:/home/acalvo/turtlebot3_ws/install/turtlebot3_gazebo:/home/acalvo/turtlebot3_ws/install/turtlebot3:/home/acalvo/turtlebot3_ws/install/turtlebot3_bringup:/home/acalvo/turtlebot3_ws/install/turtlebot3_node:/home/acalvo/turtlebot3_ws/install/turtlebot3_navigation2:/home/acalvo/turtlebot3_ws/install/turtlebot3_msgs:/home/acalvo/turtlebot3_ws/install/turtlebot3_description:/home/acalvo/turtlebot3_ws/install/turtlebot3_cartographer:/home/acalvo/turtlebot3_ws/install/dynamixel_sdk_examples:/home/acalvo/turtlebot3_ws/install/turtlebot3_teleop:/home/acalvo/turtlebot3_ws/install/turtlebot3_example:/opt/ros/humble LD_LIBRARY_PATH=/home/acalvo/turtlebot3_ws/install/dynamixel_sdk_custom_interfaces/lib:/home/acalvo/turtlebot3_ws/install/dynamixel_sdk/lib:/home/acalvo/turtlebot3_ws/install/turtlebot3_msgs/lib:/usr/lib/x86_64-linux-gnu/gazebo-11/plugins:/opt/ros/humble/opt/rviz_ogre_vendor/lib:/opt/ros/humble/lib/x86_64-linux-gnu:/opt/ros/humble/lib:/usr/lib/x86_64-linux-gnu/gazebo-11/plugins:/usr/lib/x86_64-linux-gnu/gazebo-11/plugins:/usr/lib/x86_64-linux-gnu/gazebo-11/plugins:/usr/lib/x86_64-linux-gnu/gazebo-11/plugins:/usr/lib/x86_64-linux-gnu/gazebo-11/plugins:/usr/lib/x86_64-linux-gnu/gazebo-11/plugins:/usr/lib/x86_64-linux-gnu/gazebo-11/plugins:/usr/lib/x86_64-linux-gnu/gazebo-11/plugins:/usr/lib/x86_64-linux-gnu/gazebo-11/plugins:/usr/lib/x86_64-linux-gnu/gazebo-11/plugins /usr/bin/cmake --install /home/acalvo/turtlebot3_ws/build/dynamixel_sdk_examples
