[1.112s] Invoking command in '/home/acalvo/turtlebot3_ws/build/turtlebot3_example': AMENT_PREFIX_PATH=/home/acalvo/turtlebot3_ws/install/turtlebot3_msgs:${AMENT_PREFIX_PATH} CMAKE_PREFIX_PATH=/home/acalvo/turtlebot3_ws/install/turtlebot3_msgs LD_LIBRARY_PATH=/home/acalvo/turtlebot3_ws/install/turtlebot3_msgs/lib:${LD_LIBRARY_PATH} PYTHONPATH=/home/acalvo/turtlebot3_ws/build/turtlebot3_example/prefix_override:/usr/lib/python3/dist-packages/colcon_core/task/python/colcon_distutils_commands:/home/acalvo/turtlebot3_ws/install/turtlebot3_example/lib/python3.10/site-packages:/home/acalvo/turtlebot3_ws/install/turtlebot3_msgs/local/lib/python3.10/dist-packages:${PYTHONPATH} /usr/bin/python3 -W ignore:setup.py install is deprecated -W ignore:easy_install command is deprecated setup.py develop --editable --build-directory /home/acalvo/turtlebot3_ws/build/turtlebot3_example/build --no-deps symlink_data
[1.864s] running develop
[2.120s] running egg_info
[2.121s] creating turtlebot3_example.egg-info
[2.121s] writing turtlebot3_example.egg-info/PKG-INFO
[2.121s] writing dependency_links to turtlebot3_example.egg-info/dependency_links.txt
[2.128s] writing entry points to turtlebot3_example.egg-info/entry_points.txt
[2.138s] writing requirements to turtlebot3_example.egg-info/requires.txt
[2.138s] writing top-level names to turtlebot3_example.egg-info/top_level.txt
[2.149s] writing manifest file 'turtlebot3_example.egg-info/SOURCES.txt'
[2.149s] reading manifest file 'turtlebot3_example.egg-info/SOURCES.txt'
[2.149s] writing manifest file 'turtlebot3_example.egg-info/SOURCES.txt'
[2.156s] running build_ext
[2.156s] Creating /home/acalvo/turtlebot3_ws/install/turtlebot3_example/lib/python3.10/site-packages/turtlebot3-example.egg-link (link to .)
[2.162s] Installing turtlebot3_obstacle_detection script to /home/acalvo/turtlebot3_ws/install/turtlebot3_example/lib/turtlebot3_example
[2.162s] Installing turtlebot3_patrol_client script to /home/acalvo/turtlebot3_ws/install/turtlebot3_example/lib/turtlebot3_example
[2.162s] Installing turtlebot3_patrol_server script to /home/acalvo/turtlebot3_ws/install/turtlebot3_example/lib/turtlebot3_example
[2.163s] Installing turtlebot3_position_control script to /home/acalvo/turtlebot3_ws/install/turtlebot3_example/lib/turtlebot3_example
[2.168s] 
[2.168s] Installed /home/acalvo/turtlebot3_ws/build/turtlebot3_example
[2.168s] running symlink_data
[2.168s] creating /home/acalvo/turtlebot3_ws/install/turtlebot3_example/share/ament_index
[2.168s] creating /home/acalvo/turtlebot3_ws/install/turtlebot3_example/share/ament_index/resource_index
[2.168s] creating /home/acalvo/turtlebot3_ws/install/turtlebot3_example/share/ament_index/resource_index/packages
[2.168s] symbolically linking /home/acalvo/turtlebot3_ws/build/turtlebot3_example/resource/turtlebot3_example -> /home/acalvo/turtlebot3_ws/install/turtlebot3_example/share/ament_index/resource_index/packages
[2.168s] symbolically linking /home/acalvo/turtlebot3_ws/build/turtlebot3_example/package.xml -> /home/acalvo/turtlebot3_ws/install/turtlebot3_example/share/turtlebot3_example
[2.432s] Invoked command in '/home/acalvo/turtlebot3_ws/build/turtlebot3_example' returned '0': AMENT_PREFIX_PATH=/home/acalvo/turtlebot3_ws/install/turtlebot3_msgs:${AMENT_PREFIX_PATH} CMAKE_PREFIX_PATH=/home/acalvo/turtlebot3_ws/install/turtlebot3_msgs LD_LIBRARY_PATH=/home/acalvo/turtlebot3_ws/install/turtlebot3_msgs/lib:${LD_LIBRARY_PATH} PYTHONPATH=/home/acalvo/turtlebot3_ws/build/turtlebot3_example/prefix_override:/usr/lib/python3/dist-packages/colcon_core/task/python/colcon_distutils_commands:/home/acalvo/turtlebot3_ws/install/turtlebot3_example/lib/python3.10/site-packages:/home/acalvo/turtlebot3_ws/install/turtlebot3_msgs/local/lib/python3.10/dist-packages:${PYTHONPATH} /usr/bin/python3 -W ignore:setup.py install is deprecated -W ignore:easy_install command is deprecated setup.py develop --editable --build-directory /home/acalvo/turtlebot3_ws/build/turtlebot3_example/build --no-deps symlink_data
